{"/home/bat/AisStream/src/index.ts": {"path":"/home/bat/AisStream/src/index.ts","statementMap":{"0":{"start":{"line":1,"column":0},"end":{"line":1,"column":30}},"1":{"start":{"line":2,"column":0},"end":{"line":2,"column":28}},"2":{"start":{"line":3,"column":0},"end":{"line":3,"column":24}},"3":{"start":{"line":4,"column":0},"end":{"line":4,"column":51}},"4":{"start":{"line":5,"column":0},"end":{"line":5,"column":57}},"5":{"start":{"line":6,"column":0},"end":{"line":6,"column":39}},"6":{"start":{"line":8,"column":0},"end":{"line":8,"column":16}},"7":{"start":{"line":9,"column":13},"end":{"line":9,"column":29}},"8":{"start":{"line":10,"column":12},"end":{"line":10,"column":18}},"9":{"start":{"line":11,"column":13},"end":{"line":11,"column":45}},"10":{"start":{"line":13,"column":0},"end":{"line":13,"column":19}},"11":{"start":{"line":14,"column":0},"end":{"line":14,"column":22}},"12":{"start":{"line":15,"column":0},"end":{"line":15,"column":18}},"13":{"start":{"line":17,"column":0},"end":{"line":17,"column":59}},"14":{"start":{"line":17,"column":35},"end":{"line":17,"column":57}},"15":{"start":{"line":19,"column":0},"end":{"line":21,"column":1}},"16":{"start":{"line":20,"column":2},"end":{"line":20,"column":74}},"17":{"start":{"line":20,"column":25},"end":{"line":20,"column":72}}},"fnMap":{"0":{"name":"(anonymous_1)","decl":{"start":{"line":17,"column":20},"end":{"line":17,"column":21}},"loc":{"start":{"line":17,"column":35},"end":{"line":17,"column":57}}},"1":{"name":"(anonymous_2)","decl":{"start":{"line":20,"column":19},"end":{"line":20,"column":22}},"loc":{"start":{"line":20,"column":25},"end":{"line":20,"column":72}}}},"branchMap":{"0":{"loc":{"start":{"line":11,"column":20},"end":{"line":11,"column":44}},"type":"binary-expr","locations":[{"start":{"line":11,"column":20},"end":{"line":11,"column":36}},{"start":{"line":11,"column":40},"end":{"line":11,"column":44}}]},"1":{"loc":{"start":{"line":19,"column":0},"end":{"line":21,"column":1}},"type":"if","locations":[{"start":{"line":19,"column":0},"end":{"line":21,"column":1}},{"start":{},"end":{}}]}},"s":{"0":3,"1":3,"2":3,"3":3,"4":3,"5":3,"6":3,"7":3,"8":3,"9":3,"10":3,"11":3,"12":3,"13":3,"14":1,"15":3,"16":1,"17":0},"f":{"0":1,"1":0},"b":{"0":[3,3],"1":[1,2]}}
,"/home/bat/AisStream/src/lib/cache.ts": {"path":"/home/bat/AisStream/src/lib/cache.ts","statementMap":{"0":{"start":{"line":7,"column":0},"end":{"line":7,"column":16}},"1":{"start":{"line":11,"column":0},"end":{"line":11,"column":16}},"2":{"start":{"line":16,"column":0},"end":{"line":16,"column":16}},"3":{"start":{"line":20,"column":0},"end":{"line":20,"column":16}},"4":{"start":{"line":24,"column":0},"end":{"line":24,"column":16}},"5":{"start":{"line":37,"column":0},"end":{"line":37,"column":16}},"6":{"start":{"line":1,"column":0},"end":{"line":1,"column":20}},"7":{"start":{"line":2,"column":0},"end":{"line":2,"column":24}},"8":{"start":{"line":4,"column":18},"end":{"line":4,"column":33}},"9":{"start":{"line":8,"column":2},"end":{"line":8,"column":78}},"10":{"start":{"line":8,"column":33},"end":{"line":8,"column":78}},"11":{"start":{"line":12,"column":2},"end":{"line":12,"column":19}},"12":{"start":{"line":13,"column":2},"end":{"line":13,"column":51}},"13":{"start":{"line":17,"column":2},"end":{"line":17,"column":40}},"14":{"start":{"line":21,"column":2},"end":{"line":21,"column":46}},"15":{"start":{"line":25,"column":2},"end":{"line":32,"column":5}},"16":{"start":{"line":26,"column":4},"end":{"line":26,"column":21}},"17":{"start":{"line":27,"column":15},"end":{"line":27,"column":52}},"18":{"start":{"line":28,"column":4},"end":{"line":28,"column":20}},"19":{"start":{"line":29,"column":4},"end":{"line":29,"column":29}},"20":{"start":{"line":30,"column":4},"end":{"line":30,"column":27}},"21":{"start":{"line":31,"column":4},"end":{"line":31,"column":31}},"22":{"start":{"line":38,"column":2},"end":{"line":38,"column":71}},"23":{"start":{"line":38,"column":33},"end":{"line":38,"column":71}},"24":{"start":{"line":39,"column":16},"end":{"line":39,"column":41}},"25":{"start":{"line":40,"column":18},"end":{"line":40,"column":19}},"26":{"start":{"line":41,"column":2},"end":{"line":44,"column":3}},"27":{"start":{"line":42,"column":15},"end":{"line":42,"column":51}},"28":{"start":{"line":43,"column":4},"end":{"line":43,"column":25}},"29":{"start":{"line":45,"column":2},"end":{"line":45,"column":48}}},"fnMap":{"0":{"name":"ensureCacheDir","decl":{"start":{"line":7,"column":16},"end":{"line":7,"column":30}},"loc":{"start":{"line":7,"column":30},"end":{"line":9,"column":1}}},"1":{"name":"cachePath","decl":{"start":{"line":11,"column":16},"end":{"line":11,"column":25}},"loc":{"start":{"line":11,"column":38},"end":{"line":14,"column":1}}},"2":{"name":"hasCache","decl":{"start":{"line":16,"column":16},"end":{"line":16,"column":24}},"loc":{"start":{"line":16,"column":37},"end":{"line":18,"column":1}}},"3":{"name":"getCacheStream","decl":{"start":{"line":20,"column":16},"end":{"line":20,"column":30}},"loc":{"start":{"line":20,"column":43},"end":{"line":22,"column":1}}},"4":{"name":"saveCache","decl":{"start":{"line":24,"column":16},"end":{"line":24,"column":25}},"loc":{"start":{"line":24,"column":69},"end":{"line":33,"column":1}}},"5":{"name":"(anonymous_6)","decl":{"start":{"line":25,"column":27},"end":{"line":25,"column":28}},"loc":{"start":{"line":25,"column":47},"end":{"line":32,"column":3}}},"6":{"name":"getCacheStats","decl":{"start":{"line":37,"column":16},"end":{"line":37,"column":29}},"loc":{"start":{"line":37,"column":29},"end":{"line":46,"column":1}}}},"branchMap":{"0":{"loc":{"start":{"line":8,"column":2},"end":{"line":8,"column":78}},"type":"if","locations":[{"start":{"line":8,"column":2},"end":{"line":8,"column":78}},{"start":{},"end":{}}]},"1":{"loc":{"start":{"line":38,"column":2},"end":{"line":38,"column":71}},"type":"if","locations":[{"start":{"line":38,"column":2},"end":{"line":38,"column":71}},{"start":{},"end":{}}]}},"s":{"0":1,"1":1,"2":1,"3":1,"4":1,"5":1,"6":1,"7":1,"8":1,"9":13,"10":7,"11":9,"12":9,"13":3,"14":1,"15":3,"16":3,"17":3,"18":3,"19":3,"20":3,"21":3,"22":2,"23":1,"24":1,"25":1,"26":1,"27":2,"28":2,"29":1},"f":{"0":13,"1":9,"2":3,"3":1,"4":3,"5":3,"6":2},"b":{"0":[7,6],"1":[1,1]}}
,"/home/bat/AisStream/src/lib/fetchDay.ts": {"path":"/home/bat/AisStream/src/lib/fetchDay.ts","statementMap":{"0":{"start":{"line":9,"column":0},"end":{"line":9,"column":7}},"1":{"start":{"line":2,"column":0},"end":{"line":2,"column":22}},"2":{"start":{"line":3,"column":0},"end":{"line":3,"column":32}},"3":{"start":{"line":4,"column":0},"end":{"line":4,"column":34}},"4":{"start":{"line":5,"column":0},"end":{"line":5,"column":24}},"5":{"start":{"line":7,"column":12},"end":{"line":7,"column":18}},"6":{"start":{"line":13,"column":20},"end":{"line":13,"column":34}},"7":{"start":{"line":14,"column":2},"end":{"line":14,"column":61}},"8":{"start":{"line":14,"column":22},"end":{"line":14,"column":61}},"9":{"start":{"line":16,"column":14},"end":{"line":16,"column":93}},"10":{"start":{"line":17,"column":2},"end":{"line":17,"column":38}},"11":{"start":{"line":19,"column":2},"end":{"line":73,"column":5}},"12":{"start":{"line":20,"column":18},"end":{"line":20,"column":23}},"13":{"start":{"line":21,"column":15},"end":{"line":21,"column":69}},"14":{"start":{"line":21,"column":23},"end":{"line":21,"column":67}},"15":{"start":{"line":21,"column":39},"end":{"line":21,"column":54}},"16":{"start":{"line":21,"column":55},"end":{"line":21,"column":65}},"17":{"start":{"line":22,"column":17},"end":{"line":31,"column":3}},"18":{"start":{"line":23,"column":4},"end":{"line":30,"column":5}},"19":{"start":{"line":24,"column":6},"end":{"line":24,"column":21}},"20":{"start":{"line":25,"column":6},"end":{"line":29,"column":7}},"21":{"start":{"line":26,"column":8},"end":{"line":26,"column":18}},"22":{"start":{"line":28,"column":8},"end":{"line":28,"column":59}},"23":{"start":{"line":33,"column":4},"end":{"line":72,"column":5}},"24":{"start":{"line":34,"column":19},"end":{"line":38,"column":8}},"25":{"start":{"line":39,"column":6},"end":{"line":39,"column":76}},"26":{"start":{"line":39,"column":37},"end":{"line":39,"column":74}},"27":{"start":{"line":41,"column":20},"end":{"line":41,"column":48}},"28":{"start":{"line":42,"column":6},"end":{"line":44,"column":9}},"29":{"start":{"line":43,"column":8},"end":{"line":43,"column":53}},"30":{"start":{"line":46,"column":18},"end":{"line":51,"column":8}},"31":{"start":{"line":52,"column":6},"end":{"line":54,"column":9}},"32":{"start":{"line":53,"column":8},"end":{"line":53,"column":51}},"33":{"start":{"line":55,"column":6},"end":{"line":66,"column":9}},"34":{"start":{"line":57,"column":8},"end":{"line":65,"column":9}},"35":{"start":{"line":58,"column":10},"end":{"line":64,"column":11}},"36":{"start":{"line":59,"column":12},"end":{"line":59,"column":23}},"37":{"start":{"line":61,"column":24},"end":{"line":61,"column":78}},"38":{"start":{"line":62,"column":12},"end":{"line":62,"column":61}},"39":{"start":{"line":63,"column":12},"end":{"line":63,"column":19}},"40":{"start":{"line":67,"column":6},"end":{"line":67,"column":32}},"41":{"start":{"line":67,"column":26},"end":{"line":67,"column":30}},"42":{"start":{"line":69,"column":6},"end":{"line":69,"column":33}},"43":{"start":{"line":71,"column":6},"end":{"line":71,"column":14}}},"fnMap":{"0":{"name":"streamDay","decl":{"start":{"line":9,"column":22},"end":{"line":9,"column":31}},"loc":{"start":{"line":11,"column":47},"end":{"line":74,"column":1}}},"1":{"name":"(anonymous_2)","decl":{"start":{"line":19,"column":27},"end":{"line":19,"column":28}},"loc":{"start":{"line":19,"column":47},"end":{"line":73,"column":3}}},"2":{"name":"(anonymous_3)","decl":{"start":{"line":21,"column":15},"end":{"line":21,"column":18}},"loc":{"start":{"line":21,"column":20},"end":{"line":21,"column":69}}},"3":{"name":"(anonymous_4)","decl":{"start":{"line":22,"column":17},"end":{"line":22,"column":18}},"loc":{"start":{"line":22,"column":32},"end":{"line":31,"column":3}}},"4":{"name":"(anonymous_5)","decl":{"start":{"line":39,"column":23},"end":{"line":39,"column":24}},"loc":{"start":{"line":39,"column":37},"end":{"line":39,"column":74}}},"5":{"name":"(anonymous_6)","decl":{"start":{"line":42,"column":24},"end":{"line":42,"column":25}},"loc":{"start":{"line":42,"column":37},"end":{"line":44,"column":7}}},"6":{"name":"(anonymous_7)","decl":{"start":{"line":52,"column":22},"end":{"line":52,"column":23}},"loc":{"start":{"line":52,"column":35},"end":{"line":54,"column":7}}},"7":{"name":"(anonymous_8)","decl":{"start":{"line":55,"column":25},"end":{"line":55,"column":28}},"loc":{"start":{"line":55,"column":30},"end":{"line":66,"column":7}}},"8":{"name":"(anonymous_9)","decl":{"start":{"line":67,"column":20},"end":{"line":67,"column":23}},"loc":{"start":{"line":67,"column":26},"end":{"line":67,"column":30}}}},"branchMap":{"0":{"loc":{"start":{"line":14,"column":2},"end":{"line":14,"column":61}},"type":"if","locations":[{"start":{"line":14,"column":2},"end":{"line":14,"column":61}},{"start":{},"end":{}}]},"1":{"loc":{"start":{"line":14,"column":6},"end":{"line":14,"column":20}},"type":"binary-expr","locations":[{"start":{"line":14,"column":6},"end":{"line":14,"column":8}},{"start":{"line":14,"column":12},"end":{"line":14,"column":14}},{"start":{"line":14,"column":18},"end":{"line":14,"column":20}}]},"2":{"loc":{"start":{"line":21,"column":23},"end":{"line":21,"column":67}},"type":"if","locations":[{"start":{"line":21,"column":23},"end":{"line":21,"column":67}},{"start":{},"end":{}}]},"3":{"loc":{"start":{"line":23,"column":4},"end":{"line":30,"column":5}},"type":"if","locations":[{"start":{"line":23,"column":4},"end":{"line":30,"column":5}},{"start":{},"end":{}}]},"4":{"loc":{"start":{"line":25,"column":6},"end":{"line":29,"column":7}},"type":"if","locations":[{"start":{"line":25,"column":6},"end":{"line":29,"column":7}},{"start":{"line":27,"column":13},"end":{"line":29,"column":7}}]},"5":{"loc":{"start":{"line":61,"column":24},"end":{"line":61,"column":78}},"type":"cond-expr","locations":[{"start":{"line":61,"column":49},"end":{"line":61,"column":62}},{"start":{"line":61,"column":65},"end":{"line":61,"column":78}}]}},"s":{"0":1,"1":1,"2":1,"3":1,"4":1,"5":1,"6":7,"7":7,"8":1,"9":6,"10":6,"11":6,"12":6,"13":6,"14":1,"15":1,"16":1,"17":6,"18":5,"19":5,"20":5,"21":4,"22":1,"23":6,"24":6,"25":5,"26":1,"27":5,"28":5,"29":1,"30":5,"31":5,"32":1,"33":5,"34":2,"35":2,"36":2,"37":1,"38":1,"39":1,"40":5,"41":1,"42":5,"43":1},"f":{"0":7,"1":6,"2":1,"3":5,"4":1,"5":1,"6":1,"7":2,"8":1},"b":{"0":[1,6],"1":[7,7,6],"2":[1,0],"3":[5,0],"4":[4,1],"5":[1,0]}}
,"/home/bat/AisStream/src/lib/geometry.ts": {"path":"/home/bat/AisStream/src/lib/geometry.ts","statementMap":{"0":{"start":{"line":5,"column":0},"end":{"line":5,"column":16}},"1":{"start":{"line":10,"column":0},"end":{"line":10,"column":16}},"2":{"start":{"line":1,"column":0},"end":{"line":1,"column":35}},"3":{"start":{"line":6,"column":17},"end":{"line":6,"column":52}},"4":{"start":{"line":7,"column":2},"end":{"line":7,"column":34}},"5":{"start":{"line":11,"column":2},"end":{"line":11,"column":66}}},"fnMap":{"0":{"name":"bboxPolygon","decl":{"start":{"line":5,"column":16},"end":{"line":5,"column":27}},"loc":{"start":{"line":5,"column":40},"end":{"line":8,"column":1}}},"1":{"name":"pointInPolygon","decl":{"start":{"line":10,"column":16},"end":{"line":10,"column":30}},"loc":{"start":{"line":10,"column":98},"end":{"line":12,"column":1}}}},"branchMap":{},"s":{"0":1,"1":1,"2":1,"3":2,"4":2,"5":2},"f":{"0":2,"1":2},"b":{}}
,"/home/bat/AisStream/src/lib/urls.ts": {"path":"/home/bat/AisStream/src/lib/urls.ts","statementMap":{"0":{"start":{"line":1,"column":0},"end":{"line":1,"column":16}},"1":{"start":{"line":2,"column":25},"end":{"line":2,"column":27}},"2":{"start":{"line":3,"column":2},"end":{"line":8,"column":3}},"3":{"start":{"line":3,"column":15},"end":{"line":3,"column":30}},"4":{"start":{"line":4,"column":14},"end":{"line":4,"column":32}},"5":{"start":{"line":5,"column":14},"end":{"line":5,"column":55}},"6":{"start":{"line":6,"column":15},"end":{"line":6,"column":53}},"7":{"start":{"line":7,"column":4},"end":{"line":7,"column":96}},"8":{"start":{"line":9,"column":2},"end":{"line":9,"column":14}}},"fnMap":{"0":{"name":"dailyUrls","decl":{"start":{"line":1,"column":16},"end":{"line":1,"column":25}},"loc":{"start":{"line":1,"column":48},"end":{"line":10,"column":1}}}},"branchMap":{},"s":{"0":1,"1":3,"2":3,"3":3,"4":6,"5":6,"6":6,"7":6,"8":3},"f":{"0":3},"b":{}}
,"/home/bat/AisStream/src/routes/ais.ts": {"path":"/home/bat/AisStream/src/routes/ais.ts","statementMap":{"0":{"start":{"line":1,"column":0},"end":{"line":1,"column":33}},"1":{"start":{"line":2,"column":0},"end":{"line":2,"column":20}},"2":{"start":{"line":3,"column":0},"end":{"line":3,"column":40}},"3":{"start":{"line":4,"column":0},"end":{"line":4,"column":62}},"4":{"start":{"line":5,"column":0},"end":{"line":5,"column":44}},"5":{"start":{"line":6,"column":0},"end":{"line":6,"column":24}},"6":{"start":{"line":8,"column":13},"end":{"line":8,"column":31}},"7":{"start":{"line":10,"column":20},"end":{"line":15,"column":2}},"8":{"start":{"line":17,"column":0},"end":{"line":56,"column":3}},"9":{"start":{"line":18,"column":12},"end":{"line":18,"column":44}},"10":{"start":{"line":19,"column":2},"end":{"line":19,"column":70}},"11":{"start":{"line":19,"column":18},"end":{"line":19,"column":70}},"12":{"start":{"line":20,"column":37},"end":{"line":20,"column":43}},"13":{"start":{"line":21,"column":12},"end":{"line":21,"column":27}},"14":{"start":{"line":21,"column":33},"end":{"line":21,"column":46}},"15":{"start":{"line":22,"column":15},"end":{"line":22,"column":30}},"16":{"start":{"line":23,"column":14},"end":{"line":23,"column":31}},"17":{"start":{"line":24,"column":16},"end":{"line":24,"column":32}},"18":{"start":{"line":26,"column":2},"end":{"line":26,"column":71}},"19":{"start":{"line":27,"column":2},"end":{"line":27,"column":44}},"20":{"start":{"line":28,"column":2},"end":{"line":28,"column":21}},"21":{"start":{"line":29,"column":13},"end":{"line":29,"column":30}},"22":{"start":{"line":30,"column":2},"end":{"line":30,"column":15}},"23":{"start":{"line":31,"column":2},"end":{"line":31,"column":55}},"24":{"start":{"line":32,"column":14},"end":{"line":32,"column":18}},"25":{"start":{"line":33,"column":14},"end":{"line":33,"column":15}},"26":{"start":{"line":35,"column":2},"end":{"line":52,"column":6}},"27":{"start":{"line":36,"column":4},"end":{"line":51,"column":7}},"28":{"start":{"line":37,"column":6},"end":{"line":37,"column":33}},"29":{"start":{"line":37,"column":26},"end":{"line":37,"column":33}},"30":{"start":{"line":38,"column":16},"end":{"line":38,"column":52}},"31":{"start":{"line":39,"column":6},"end":{"line":39,"column":33}},"32":{"start":{"line":39,"column":26},"end":{"line":39,"column":33}},"33":{"start":{"line":40,"column":18},"end":{"line":40,"column":47}},"34":{"start":{"line":40,"column":55},"end":{"line":40,"column":84}},"35":{"start":{"line":41,"column":6},"end":{"line":41,"column":49}},"36":{"start":{"line":41,"column":42},"end":{"line":41,"column":49}},"37":{"start":{"line":42,"column":19},"end":{"line":46,"column":8}},"38":{"start":{"line":47,"column":6},"end":{"line":47,"column":32}},"39":{"start":{"line":47,"column":18},"end":{"line":47,"column":32}},"40":{"start":{"line":48,"column":6},"end":{"line":48,"column":37}},"41":{"start":{"line":49,"column":6},"end":{"line":49,"column":20}},"42":{"start":{"line":50,"column":6},"end":{"line":50,"column":14}},"43":{"start":{"line":54,"column":2},"end":{"line":54,"column":17}},"44":{"start":{"line":55,"column":2},"end":{"line":55,"column":11}}},"fnMap":{"0":{"name":"(anonymous_1)","decl":{"start":{"line":17,"column":22},"end":{"line":17,"column":27}},"loc":{"start":{"line":17,"column":41},"end":{"line":56,"column":1}}},"1":{"name":"(anonymous_2)","decl":{"start":{"line":35,"column":29},"end":{"line":35,"column":34}},"loc":{"start":{"line":35,"column":41},"end":{"line":52,"column":3}}},"2":{"name":"(anonymous_3)","decl":{"start":{"line":36,"column":23},"end":{"line":36,"column":24}},"loc":{"start":{"line":36,"column":56},"end":{"line":51,"column":5}}}},"branchMap":{"0":{"loc":{"start":{"line":19,"column":2},"end":{"line":19,"column":70}},"type":"if","locations":[{"start":{"line":19,"column":2},"end":{"line":19,"column":70}},{"start":{},"end":{}}]},"1":{"loc":{"start":{"line":24,"column":16},"end":{"line":24,"column":32}},"type":"binary-expr","locations":[{"start":{"line":24,"column":16},"end":{"line":24,"column":20}},{"start":{"line":24,"column":24},"end":{"line":24,"column":32}}]},"2":{"loc":{"start":{"line":37,"column":6},"end":{"line":37,"column":33}},"type":"if","locations":[{"start":{"line":37,"column":6},"end":{"line":37,"column":33}},{"start":{},"end":{}}]},"3":{"loc":{"start":{"line":39,"column":6},"end":{"line":39,"column":33}},"type":"if","locations":[{"start":{"line":39,"column":6},"end":{"line":39,"column":33}},{"start":{},"end":{}}]},"4":{"loc":{"start":{"line":39,"column":10},"end":{"line":39,"column":24}},"type":"binary-expr","locations":[{"start":{"line":39,"column":10},"end":{"line":39,"column":15}},{"start":{"line":39,"column":19},"end":{"line":39,"column":24}}]},"5":{"loc":{"start":{"line":41,"column":6},"end":{"line":41,"column":49}},"type":"if","locations":[{"start":{"line":41,"column":6},"end":{"line":41,"column":49}},{"start":{},"end":{}}]},"6":{"loc":{"start":{"line":47,"column":6},"end":{"line":47,"column":32}},"type":"if","locations":[{"start":{"line":47,"column":6},"end":{"line":47,"column":32}},{"start":{},"end":{}}]}},"s":{"0":4,"1":4,"2":4,"3":4,"4":4,"5":4,"6":4,"7":4,"8":4,"9":4,"10":4,"11":1,"12":3,"13":3,"14":3,"15":3,"16":3,"17":3,"18":3,"19":3,"20":3,"21":3,"22":3,"23":3,"24":3,"25":3,"26":3,"27":4,"28":4,"29":0,"30":4,"31":4,"32":0,"33":4,"34":4,"35":4,"36":0,"37":4,"38":4,"39":1,"40":4,"41":4,"42":4,"43":3,"44":3},"f":{"0":4,"1":4,"2":4},"b":{"0":[1,3],"1":[3,3],"2":[0,4],"3":[0,4],"4":[4,4],"5":[0,4],"6":[1,3]}}
,"/home/bat/AisStream/src/routes/nsjson.ts": {"path":"/home/bat/AisStream/src/routes/nsjson.ts","statementMap":{"0":{"start":{"line":2,"column":0},"end":{"line":2,"column":52}},"1":{"start":{"line":3,"column":0},"end":{"line":3,"column":29}},"2":{"start":{"line":4,"column":0},"end":{"line":4,"column":33}},"3":{"start":{"line":5,"column":0},"end":{"line":5,"column":24}},"4":{"start":{"line":6,"column":0},"end":{"line":6,"column":44}},"5":{"start":{"line":11,"column":2},"end":{"line":11,"column":46}},"6":{"start":{"line":11,"column":33},"end":{"line":11,"column":46}},"7":{"start":{"line":12,"column":2},"end":{"line":12,"column":72}},"8":{"start":{"line":12,"column":48},"end":{"line":12,"column":72}},"9":{"start":{"line":13,"column":2},"end":{"line":13,"column":12}},"10":{"start":{"line":16,"column":13},"end":{"line":16,"column":31}},"11":{"start":{"line":17,"column":12},"end":{"line":17,"column":18}},"12":{"start":{"line":19,"column":0},"end":{"line":120,"column":3}},"13":{"start":{"line":20,"column":16},"end":{"line":20,"column":55}},"14":{"start":{"line":21,"column":18},"end":{"line":21,"column":56}},"15":{"start":{"line":22,"column":17},"end":{"line":22,"column":65}},"16":{"start":{"line":23,"column":20},"end":{"line":23,"column":71}},"17":{"start":{"line":25,"column":2},"end":{"line":25,"column":74}},"18":{"start":{"line":25,"column":14},"end":{"line":25,"column":74}},"19":{"start":{"line":26,"column":2},"end":{"line":26,"column":92}},"20":{"start":{"line":26,"column":16},"end":{"line":26,"column":92}},"21":{"start":{"line":28,"column":16},"end":{"line":28,"column":46}},"22":{"start":{"line":29,"column":2},"end":{"line":31,"column":3}},"23":{"start":{"line":29,"column":46},"end":{"line":29,"column":65}},"24":{"start":{"line":30,"column":4},"end":{"line":30,"column":77}},"25":{"start":{"line":32,"column":43},"end":{"line":32,"column":48}},"26":{"start":{"line":33,"column":12},"end":{"line":33,"column":55}},"27":{"start":{"line":33,"column":27},"end":{"line":33,"column":55}},"28":{"start":{"line":36,"column":14},"end":{"line":36,"column":99}},"29":{"start":{"line":37,"column":15},"end":{"line":37,"column":75}},"30":{"start":{"line":38,"column":2},"end":{"line":38,"column":74}},"31":{"start":{"line":38,"column":45},"end":{"line":38,"column":74}},"32":{"start":{"line":41,"column":15},"end":{"line":41,"column":44}},"33":{"start":{"line":43,"column":2},"end":{"line":43,"column":56}},"34":{"start":{"line":44,"column":2},"end":{"line":44,"column":44}},"35":{"start":{"line":45,"column":2},"end":{"line":45,"column":30}},"36":{"start":{"line":46,"column":2},"end":{"line":46,"column":35}},"37":{"start":{"line":48,"column":3},"end":{"line":48,"column":58}},"38":{"start":{"line":50,"column":16},"end":{"line":50,"column":17}},"39":{"start":{"line":51,"column":14},"end":{"line":51,"column":15}},"40":{"start":{"line":52,"column":18},"end":{"line":52,"column":19}},"41":{"start":{"line":53,"column":15},"end":{"line":57,"column":3}},"42":{"start":{"line":54,"column":19},"end":{"line":54,"column":59}},"43":{"start":{"line":55,"column":4},"end":{"line":55,"column":16}},"44":{"start":{"line":56,"column":4},"end":{"line":56,"column":18}},"45":{"start":{"line":60,"column":2},"end":{"line":66,"column":5}},"46":{"start":{"line":61,"column":4},"end":{"line":65,"column":5}},"47":{"start":{"line":62,"column":6},"end":{"line":62,"column":17}},"48":{"start":{"line":64,"column":8},"end":{"line":64,"column":84}},"49":{"start":{"line":68,"column":2},"end":{"line":75,"column":5}},"50":{"start":{"line":69,"column":4},"end":{"line":69,"column":40}},"51":{"start":{"line":70,"column":4},"end":{"line":74,"column":5}},"52":{"start":{"line":71,"column":6},"end":{"line":71,"column":17}},"53":{"start":{"line":73,"column":8},"end":{"line":73,"column":73}},"54":{"start":{"line":77,"column":2},"end":{"line":77,"column":17}},"55":{"start":{"line":79,"column":2},"end":{"line":119,"column":3}},"56":{"start":{"line":80,"column":4},"end":{"line":101,"column":7}},"57":{"start":{"line":81,"column":18},"end":{"line":82,"column":null}},"58":{"start":{"line":84,"column":18},"end":{"line":85,"column":null}},"59":{"start":{"line":87,"column":6},"end":{"line":87,"column":65}},"60":{"start":{"line":87,"column":58},"end":{"line":87,"column":65}},"61":{"start":{"line":88,"column":6},"end":{"line":88,"column":79}},"62":{"start":{"line":88,"column":72},"end":{"line":88,"column":79}},"63":{"start":{"line":89,"column":6},"end":{"line":89,"column":26}},"64":{"start":{"line":89,"column":19},"end":{"line":89,"column":26}},"65":{"start":{"line":91,"column":22},"end":{"line":95,"column":8}},"66":{"start":{"line":96,"column":19},"end":{"line":96,"column":49}},"67":{"start":{"line":97,"column":18},"end":{"line":97,"column":34}},"68":{"start":{"line":98,"column":6},"end":{"line":98,"column":16}},"69":{"start":{"line":99,"column":6},"end":{"line":99,"column":39}},"70":{"start":{"line":103,"column":4},"end":{"line":103,"column":65}},"71":{"start":{"line":104,"column":4},"end":{"line":104,"column":15}},"72":{"start":{"line":106,"column":19},"end":{"line":106,"column":67}},"73":{"start":{"line":107,"column":16},"end":{"line":107,"column":87}},"74":{"start":{"line":108,"column":4},"end":{"line":112,"column":5}},"75":{"start":{"line":109,"column":6},"end":{"line":109,"column":22}},"76":{"start":{"line":111,"column":6},"end":{"line":111,"column":58}},"77":{"start":{"line":113,"column":4},"end":{"line":117,"column":5}},"78":{"start":{"line":114,"column":6},"end":{"line":114,"column":17}},"79":{"start":{"line":116,"column":6},"end":{"line":116,"column":74}},"80":{"start":{"line":118,"column":4},"end":{"line":118,"column":40}}},"fnMap":{"0":{"name":"parseQueryParam","decl":{"start":{"line":10,"column":9},"end":{"line":10,"column":24}},"loc":{"start":{"line":10,"column":39},"end":{"line":14,"column":1}}},"1":{"name":"(anonymous_2)","decl":{"start":{"line":19,"column":25},"end":{"line":19,"column":30}},"loc":{"start":{"line":19,"column":63},"end":{"line":120,"column":1}}},"2":{"name":"(anonymous_3)","decl":{"start":{"line":29,"column":39},"end":{"line":29,"column":40}},"loc":{"start":{"line":29,"column":46},"end":{"line":29,"column":65}}},"3":{"name":"(anonymous_4)","decl":{"start":{"line":33,"column":12},"end":{"line":33,"column":13}},"loc":{"start":{"line":33,"column":27},"end":{"line":33,"column":55}}},"4":{"name":"(anonymous_5)","decl":{"start":{"line":53,"column":15},"end":{"line":53,"column":18}},"loc":{"start":{"line":53,"column":20},"end":{"line":57,"column":3}}},"5":{"name":"(anonymous_6)","decl":{"start":{"line":60,"column":18},"end":{"line":60,"column":21}},"loc":{"start":{"line":60,"column":23},"end":{"line":66,"column":3}}},"6":{"name":"(anonymous_7)","decl":{"start":{"line":68,"column":19},"end":{"line":68,"column":20}},"loc":{"start":{"line":68,"column":25},"end":{"line":75,"column":3}}},"7":{"name":"(anonymous_8)","decl":{"start":{"line":80,"column":27},"end":{"line":80,"column":28}},"loc":{"start":{"line":80,"column":35},"end":{"line":101,"column":5}}}},"branchMap":{"0":{"loc":{"start":{"line":11,"column":2},"end":{"line":11,"column":46}},"type":"if","locations":[{"start":{"line":11,"column":2},"end":{"line":11,"column":46}},{"start":{},"end":{}}]},"1":{"loc":{"start":{"line":12,"column":2},"end":{"line":12,"column":72}},"type":"if","locations":[{"start":{"line":12,"column":2},"end":{"line":12,"column":72}},{"start":{},"end":{}}]},"2":{"loc":{"start":{"line":12,"column":6},"end":{"line":12,"column":46}},"type":"binary-expr","locations":[{"start":{"line":12,"column":6},"end":{"line":12,"column":26}},{"start":{"line":12,"column":30},"end":{"line":12,"column":46}}]},"3":{"loc":{"start":{"line":22,"column":29},"end":{"line":22,"column":64}},"type":"binary-expr","locations":[{"start":{"line":22,"column":30},"end":{"line":22,"column":58}},{"start":{"line":22,"column":63},"end":{"line":22,"column":64}}]},"4":{"loc":{"start":{"line":23,"column":32},"end":{"line":23,"column":70}},"type":"binary-expr","locations":[{"start":{"line":23,"column":33},"end":{"line":23,"column":64}},{"start":{"line":23,"column":69},"end":{"line":23,"column":70}}]},"5":{"loc":{"start":{"line":25,"column":2},"end":{"line":25,"column":74}},"type":"if","locations":[{"start":{"line":25,"column":2},"end":{"line":25,"column":74}},{"start":{},"end":{}}]},"6":{"loc":{"start":{"line":26,"column":2},"end":{"line":26,"column":92}},"type":"if","locations":[{"start":{"line":26,"column":2},"end":{"line":26,"column":92}},{"start":{},"end":{}}]},"7":{"loc":{"start":{"line":29,"column":2},"end":{"line":31,"column":3}},"type":"if","locations":[{"start":{"line":29,"column":2},"end":{"line":31,"column":3}},{"start":{},"end":{}}]},"8":{"loc":{"start":{"line":29,"column":6},"end":{"line":29,"column":66}},"type":"binary-expr","locations":[{"start":{"line":29,"column":6},"end":{"line":29,"column":24}},{"start":{"line":29,"column":28},"end":{"line":29,"column":66}}]},"9":{"loc":{"start":{"line":38,"column":2},"end":{"line":38,"column":74}},"type":"if","locations":[{"start":{"line":38,"column":2},"end":{"line":38,"column":74}},{"start":{},"end":{}}]},"10":{"loc":{"start":{"line":54,"column":19},"end":{"line":54,"column":59}},"type":"binary-expr","locations":[{"start":{"line":54,"column":19},"end":{"line":54,"column":31}},{"start":{"line":54,"column":35},"end":{"line":54,"column":59}}]},"11":{"loc":{"start":{"line":82,"column":8},"end":{"line":82,"column":81}},"type":"binary-expr","locations":[{"start":{"line":82,"column":8},"end":{"line":82,"column":15}},{"start":{"line":82,"column":19},"end":{"line":82,"column":26}},{"start":{"line":82,"column":30},"end":{"line":82,"column":43}},{"start":{"line":82,"column":47},"end":{"line":82,"column":60}},{"start":{"line":82,"column":64},"end":{"line":82,"column":72}},{"start":{"line":82,"column":76},"end":{"line":82,"column":81}}]},"12":{"loc":{"start":{"line":85,"column":8},"end":{"line":85,"column":67}},"type":"binary-expr","locations":[{"start":{"line":85,"column":8},"end":{"line":85,"column":15}},{"start":{"line":85,"column":19},"end":{"line":85,"column":26}},{"start":{"line":85,"column":30},"end":{"line":85,"column":42}},{"start":{"line":85,"column":46},"end":{"line":85,"column":58}},{"start":{"line":85,"column":62},"end":{"line":85,"column":67}}]},"13":{"loc":{"start":{"line":87,"column":6},"end":{"line":87,"column":65}},"type":"if","locations":[{"start":{"line":87,"column":6},"end":{"line":87,"column":65}},{"start":{},"end":{}}]},"14":{"loc":{"start":{"line":87,"column":10},"end":{"line":87,"column":56}},"type":"binary-expr","locations":[{"start":{"line":87,"column":10},"end":{"line":87,"column":31}},{"start":{"line":87,"column":35},"end":{"line":87,"column":56}}]},"15":{"loc":{"start":{"line":88,"column":6},"end":{"line":88,"column":79}},"type":"if","locations":[{"start":{"line":88,"column":6},"end":{"line":88,"column":79}},{"start":{},"end":{}}]},"16":{"loc":{"start":{"line":88,"column":10},"end":{"line":88,"column":70}},"type":"binary-expr","locations":[{"start":{"line":88,"column":10},"end":{"line":88,"column":22}},{"start":{"line":88,"column":26},"end":{"line":88,"column":38}},{"start":{"line":88,"column":42},"end":{"line":88,"column":54}},{"start":{"line":88,"column":58},"end":{"line":88,"column":70}}]},"17":{"loc":{"start":{"line":89,"column":6},"end":{"line":89,"column":26}},"type":"if","locations":[{"start":{"line":89,"column":6},"end":{"line":89,"column":26}},{"start":{},"end":{}}]},"18":{"loc":{"start":{"line":106,"column":19},"end":{"line":106,"column":67}},"type":"cond-expr","locations":[{"start":{"line":106,"column":42},"end":{"line":106,"column":53}},{"start":{"line":106,"column":56},"end":{"line":106,"column":67}}]},"19":{"loc":{"start":{"line":107,"column":57},"end":{"line":107,"column":77}},"type":"binary-expr","locations":[{"start":{"line":107,"column":57},"end":{"line":107,"column":63}},{"start":{"line":107,"column":67},"end":{"line":107,"column":77}}]}},"s":{"0":1,"1":1,"2":1,"3":1,"4":1,"5":26,"6":24,"7":2,"8":0,"9":2,"10":1,"11":1,"12":1,"13":13,"14":13,"15":13,"16":13,"17":13,"18":1,"19":12,"20":1,"21":11,"22":11,"23":40,"24":1,"25":10,"26":10,"27":10,"28":10,"29":10,"30":10,"31":1,"32":9,"33":9,"34":9,"35":9,"36":9,"37":9,"38":9,"39":9,"40":9,"41":9,"42":6,"43":6,"44":6,"45":9,"46":1,"47":1,"48":0,"49":9,"50":1,"51":1,"52":1,"53":0,"54":9,"55":9,"56":9,"57":12,"58":12,"59":12,"60":2,"61":10,"62":4,"63":6,"64":1,"65":5,"66":5,"67":5,"68":5,"69":5,"70":6,"71":6,"72":3,"73":3,"74":3,"75":3,"76":1,"77":3,"78":3,"79":0,"80":3},"f":{"0":26,"1":13,"2":40,"3":10,"4":6,"5":1,"6":1,"7":12},"b":{"0":[24,2],"1":[0,2],"2":[2,0],"3":[13,12],"4":[13,13],"5":[1,12],"6":[1,11],"7":[1,10],"8":[11,10],"9":[1,9],"10":[6,3],"11":[12,0,0,0,0,0],"12":[12,0,0,0,0],"13":[2,10],"14":[12,11],"15":[4,6],"16":[10,9,8,7],"17":[1,5],"18":[2,1],"19":[3,0]}}
,"/home/bat/AisStream/src/routes/s2.ts": {"path":"/home/bat/AisStream/src/routes/s2.ts","statementMap":{"0":{"start":{"line":1,"column":0},"end":{"line":1,"column":33}},"1":{"start":{"line":2,"column":0},"end":{"line":2,"column":22}},"2":{"start":{"line":3,"column":0},"end":{"line":3,"column":88}},"3":{"start":{"line":5,"column":13},"end":{"line":5,"column":33}},"4":{"start":{"line":8,"column":31},"end":{"line":8,"column":39}},"5":{"start":{"line":9,"column":2},"end":{"line":9,"column":73}},"6":{"start":{"line":9,"column":31},"end":{"line":9,"column":73}},"7":{"start":{"line":10,"column":18},"end":{"line":10,"column":53}},"8":{"start":{"line":11,"column":2},"end":{"line":11,"column":87}},"9":{"start":{"line":11,"column":58},"end":{"line":11,"column":87}},"10":{"start":{"line":12,"column":2},"end":{"line":12,"column":121}},"11":{"start":{"line":12,"column":88},"end":{"line":12,"column":121}},"12":{"start":{"line":13,"column":2},"end":{"line":13,"column":61}},"13":{"start":{"line":17,"column":0},"end":{"line":36,"column":3}},"14":{"start":{"line":18,"column":2},"end":{"line":35,"column":3}},"15":{"start":{"line":19,"column":17},"end":{"line":19,"column":44}},"16":{"start":{"line":20,"column":4},"end":{"line":20,"column":59}},"17":{"start":{"line":20,"column":25},"end":{"line":20,"column":59}},"18":{"start":{"line":21,"column":24},"end":{"line":21,"column":108}},"19":{"start":{"line":22,"column":20},"end":{"line":22,"column":91}},"20":{"start":{"line":23,"column":18},"end":{"line":23,"column":59}},"21":{"start":{"line":24,"column":19},"end":{"line":24,"column":52}},"22":{"start":{"line":25,"column":17},"end":{"line":25,"column":68}},"23":{"start":{"line":27,"column":17},"end":{"line":31,"column":6}},"24":{"start":{"line":32,"column":4},"end":{"line":32,"column":19}},"25":{"start":{"line":34,"column":4},"end":{"line":34,"column":96}},"26":{"start":{"line":39,"column":0},"end":{"line":59,"column":3}},"27":{"start":{"line":40,"column":2},"end":{"line":58,"column":3}},"28":{"start":{"line":41,"column":17},"end":{"line":41,"column":44}},"29":{"start":{"line":42,"column":4},"end":{"line":42,"column":59}},"30":{"start":{"line":42,"column":25},"end":{"line":42,"column":59}},"31":{"start":{"line":43,"column":24},"end":{"line":43,"column":108}},"32":{"start":{"line":44,"column":20},"end":{"line":44,"column":91}},"33":{"start":{"line":45,"column":18},"end":{"line":45,"column":59}},"34":{"start":{"line":46,"column":19},"end":{"line":46,"column":52}},"35":{"start":{"line":47,"column":17},"end":{"line":47,"column":68}},"36":{"start":{"line":49,"column":4},"end":{"line":49,"column":73}},"37":{"start":{"line":50,"column":4},"end":{"line":54,"column":47}},"38":{"start":{"line":54,"column":8},"end":{"line":54,"column":47}},"39":{"start":{"line":55,"column":4},"end":{"line":55,"column":14}},"40":{"start":{"line":57,"column":4},"end":{"line":57,"column":96}},"41":{"start":{"line":62,"column":0},"end":{"line":81,"column":3}},"42":{"start":{"line":63,"column":15},"end":{"line":63,"column":29}},"43":{"start":{"line":64,"column":2},"end":{"line":66,"column":3}},"44":{"start":{"line":65,"column":4},"end":{"line":65,"column":73}},"45":{"start":{"line":67,"column":2},"end":{"line":80,"column":3}},"46":{"start":{"line":68,"column":14},"end":{"line":68,"column":114}},"47":{"start":{"line":69,"column":15},"end":{"line":69,"column":54}},"48":{"start":{"line":70,"column":4},"end":{"line":72,"column":5}},"49":{"start":{"line":71,"column":6},"end":{"line":71,"column":120}},"50":{"start":{"line":73,"column":4},"end":{"line":75,"column":5}},"51":{"start":{"line":74,"column":6},"end":{"line":74,"column":116}},"52":{"start":{"line":76,"column":4},"end":{"line":76,"column":38}},"53":{"start":{"line":77,"column":4},"end":{"line":77,"column":20}},"54":{"start":{"line":79,"column":4},"end":{"line":79,"column":69}}},"fnMap":{"0":{"name":"parseBase","decl":{"start":{"line":7,"column":9},"end":{"line":7,"column":18}},"loc":{"start":{"line":7,"column":48},"end":{"line":14,"column":1}}},"1":{"name":"(anonymous_2)","decl":{"start":{"line":17,"column":23},"end":{"line":17,"column":28}},"loc":{"start":{"line":17,"column":42},"end":{"line":36,"column":1}}},"2":{"name":"(anonymous_3)","decl":{"start":{"line":39,"column":30},"end":{"line":39,"column":35}},"loc":{"start":{"line":39,"column":49},"end":{"line":59,"column":1}}},"3":{"name":"(anonymous_4)","decl":{"start":{"line":62,"column":33},"end":{"line":62,"column":38}},"loc":{"start":{"line":62,"column":52},"end":{"line":81,"column":1}}}},"branchMap":{"0":{"loc":{"start":{"line":9,"column":2},"end":{"line":9,"column":73}},"type":"if","locations":[{"start":{"line":9,"column":2},"end":{"line":9,"column":73}},{"start":{},"end":{}}]},"1":{"loc":{"start":{"line":9,"column":6},"end":{"line":9,"column":29}},"type":"binary-expr","locations":[{"start":{"line":9,"column":6},"end":{"line":9,"column":12}},{"start":{"line":9,"column":16},"end":{"line":9,"column":20}},{"start":{"line":9,"column":24},"end":{"line":9,"column":29}}]},"2":{"loc":{"start":{"line":11,"column":2},"end":{"line":11,"column":87}},"type":"if","locations":[{"start":{"line":11,"column":2},"end":{"line":11,"column":87}},{"start":{},"end":{}}]},"3":{"loc":{"start":{"line":11,"column":6},"end":{"line":11,"column":56}},"type":"binary-expr","locations":[{"start":{"line":11,"column":6},"end":{"line":11,"column":26}},{"start":{"line":11,"column":30},"end":{"line":11,"column":56}}]},"4":{"loc":{"start":{"line":12,"column":2},"end":{"line":12,"column":121}},"type":"if","locations":[{"start":{"line":12,"column":2},"end":{"line":12,"column":121}},{"start":{},"end":{}}]},"5":{"loc":{"start":{"line":12,"column":6},"end":{"line":12,"column":86}},"type":"binary-expr","locations":[{"start":{"line":12,"column":6},"end":{"line":12,"column":45}},{"start":{"line":12,"column":49},"end":{"line":12,"column":86}}]},"6":{"loc":{"start":{"line":20,"column":4},"end":{"line":20,"column":59}},"type":"if","locations":[{"start":{"line":20,"column":4},"end":{"line":20,"column":59}},{"start":{},"end":{}}]},"7":{"loc":{"start":{"line":21,"column":26},"end":{"line":21,"column":67}},"type":"binary-expr","locations":[{"start":{"line":21,"column":26},"end":{"line":21,"column":58}},{"start":{"line":21,"column":62},"end":{"line":21,"column":67}}]},"8":{"loc":{"start":{"line":22,"column":20},"end":{"line":22,"column":91}},"type":"cond-expr","locations":[{"start":{"line":22,"column":54},"end":{"line":22,"column":79}},{"start":{"line":22,"column":82},"end":{"line":22,"column":91}}]},"9":{"loc":{"start":{"line":23,"column":37},"end":{"line":23,"column":57}},"type":"binary-expr","locations":[{"start":{"line":23,"column":37},"end":{"line":23,"column":52}},{"start":{"line":23,"column":56},"end":{"line":23,"column":57}}]},"10":{"loc":{"start":{"line":24,"column":26},"end":{"line":24,"column":51}},"type":"binary-expr","locations":[{"start":{"line":24,"column":26},"end":{"line":24,"column":42}},{"start":{"line":24,"column":46},"end":{"line":24,"column":51}}]},"11":{"loc":{"start":{"line":25,"column":17},"end":{"line":25,"column":68}},"type":"binary-expr","locations":[{"start":{"line":25,"column":17},"end":{"line":25,"column":39}},{"start":{"line":25,"column":43},"end":{"line":25,"column":68}}]},"12":{"loc":{"start":{"line":34,"column":76},"end":{"line":34,"column":91}},"type":"binary-expr","locations":[{"start":{"line":34,"column":76},"end":{"line":34,"column":86}},{"start":{"line":34,"column":90},"end":{"line":34,"column":91}}]},"13":{"loc":{"start":{"line":42,"column":4},"end":{"line":42,"column":59}},"type":"if","locations":[{"start":{"line":42,"column":4},"end":{"line":42,"column":59}},{"start":{},"end":{}}]},"14":{"loc":{"start":{"line":43,"column":26},"end":{"line":43,"column":67}},"type":"binary-expr","locations":[{"start":{"line":43,"column":26},"end":{"line":43,"column":58}},{"start":{"line":43,"column":62},"end":{"line":43,"column":67}}]},"15":{"loc":{"start":{"line":44,"column":20},"end":{"line":44,"column":91}},"type":"cond-expr","locations":[{"start":{"line":44,"column":54},"end":{"line":44,"column":79}},{"start":{"line":44,"column":82},"end":{"line":44,"column":91}}]},"16":{"loc":{"start":{"line":45,"column":37},"end":{"line":45,"column":57}},"type":"binary-expr","locations":[{"start":{"line":45,"column":37},"end":{"line":45,"column":52}},{"start":{"line":45,"column":56},"end":{"line":45,"column":57}}]},"17":{"loc":{"start":{"line":46,"column":26},"end":{"line":46,"column":51}},"type":"binary-expr","locations":[{"start":{"line":46,"column":26},"end":{"line":46,"column":42}},{"start":{"line":46,"column":46},"end":{"line":46,"column":51}}]},"18":{"loc":{"start":{"line":47,"column":17},"end":{"line":47,"column":68}},"type":"binary-expr","locations":[{"start":{"line":47,"column":17},"end":{"line":47,"column":39}},{"start":{"line":47,"column":43},"end":{"line":47,"column":68}}]},"19":{"loc":{"start":{"line":57,"column":76},"end":{"line":57,"column":91}},"type":"binary-expr","locations":[{"start":{"line":57,"column":76},"end":{"line":57,"column":86}},{"start":{"line":57,"column":90},"end":{"line":57,"column":91}}]},"20":{"loc":{"start":{"line":64,"column":2},"end":{"line":66,"column":3}},"type":"if","locations":[{"start":{"line":64,"column":2},"end":{"line":66,"column":3}},{"start":{},"end":{}}]},"21":{"loc":{"start":{"line":64,"column":6},"end":{"line":64,"column":61}},"type":"binary-expr","locations":[{"start":{"line":64,"column":6},"end":{"line":64,"column":30}},{"start":{"line":64,"column":34},"end":{"line":64,"column":61}}]},"22":{"loc":{"start":{"line":69,"column":22},"end":{"line":69,"column":53}},"type":"binary-expr","locations":[{"start":{"line":69,"column":22},"end":{"line":69,"column":47}},{"start":{"line":69,"column":51},"end":{"line":69,"column":53}}]},"23":{"loc":{"start":{"line":70,"column":4},"end":{"line":72,"column":5}},"type":"if","locations":[{"start":{"line":70,"column":4},"end":{"line":72,"column":5}},{"start":{},"end":{}}]},"24":{"loc":{"start":{"line":70,"column":8},"end":{"line":70,"column":49}},"type":"binary-expr","locations":[{"start":{"line":70,"column":8},"end":{"line":70,"column":26}},{"start":{"line":70,"column":30},"end":{"line":70,"column":49}}]},"25":{"loc":{"start":{"line":73,"column":4},"end":{"line":75,"column":5}},"type":"if","locations":[{"start":{"line":73,"column":4},"end":{"line":75,"column":5}},{"start":{},"end":{}}]},"26":{"loc":{"start":{"line":79,"column":51},"end":{"line":79,"column":66}},"type":"binary-expr","locations":[{"start":{"line":79,"column":51},"end":{"line":79,"column":61}},{"start":{"line":79,"column":65},"end":{"line":79,"column":66}}]}},"s":{"0":13,"1":13,"2":13,"3":13,"4":8,"5":8,"6":2,"7":6,"8":6,"9":1,"10":5,"11":1,"12":4,"13":13,"14":5,"15":5,"16":5,"17":3,"18":2,"19":2,"20":2,"21":2,"22":2,"23":2,"24":1,"25":1,"26":13,"27":3,"28":3,"29":3,"30":1,"31":2,"32":2,"33":2,"34":2,"35":2,"36":2,"37":2,"38":2,"39":1,"40":1,"41":13,"42":5,"43":5,"44":1,"45":4,"46":4,"47":3,"48":3,"49":1,"50":2,"51":1,"52":1,"53":1,"54":1},"f":{"0":8,"1":5,"2":3,"3":5},"b":{"0":[2,6],"1":[8,6,6],"2":[1,5],"3":[6,5],"4":[1,4],"5":[5,4],"6":[3,2],"7":[2,2],"8":[0,2],"9":[2,2],"10":[2,2],"11":[2,2],"12":[1,0],"13":[1,2],"14":[2,2],"15":[0,2],"16":[2,2],"17":[2,2],"18":[2,2],"19":[1,0],"20":[1,4],"21":[5,5],"22":[3,0],"23":[1,2],"24":[3,3],"25":[1,1],"26":[1,0]}}
,"/home/bat/AisStream/src/services/CacheService.ts": {"path":"/home/bat/AisStream/src/services/CacheService.ts","statementMap":{"0":{"start":{"line":172,"column":0},"end":{"line":172,"column":16}},"1":{"start":{"line":2,"column":0},"end":{"line":2,"column":34}},"2":{"start":{"line":4,"column":0},"end":{"line":4,"column":36}},"3":{"start":{"line":5,"column":0},"end":{"line":5,"column":29}},"4":{"start":{"line":6,"column":0},"end":{"line":6,"column":28}},"5":{"start":{"line":29,"column":23},"end":{"line":29,"column":24}},"6":{"start":{"line":32,"column":4},"end":{"line":32,"column":53}},"7":{"start":{"line":33,"column":4},"end":{"line":33,"column":73}},"8":{"start":{"line":34,"column":4},"end":{"line":34,"column":54}},"9":{"start":{"line":35,"column":4},"end":{"line":35,"column":50}},"10":{"start":{"line":37,"column":28},"end":{"line":37,"column":65}},"11":{"start":{"line":38,"column":4},"end":{"line":43,"column":24}},"12":{"start":{"line":39,"column":6},"end":{"line":42,"column":9}},"13":{"start":{"line":41,"column":8},"end":{"line":41,"column":93}},"14":{"start":{"line":47,"column":4},"end":{"line":56,"column":5}},"15":{"start":{"line":48,"column":6},"end":{"line":48,"column":52}},"16":{"start":{"line":51,"column":6},"end":{"line":55,"column":7}},"17":{"start":{"line":52,"column":8},"end":{"line":52,"column":49}},"18":{"start":{"line":54,"column":8},"end":{"line":54,"column":18}},"19":{"start":{"line":60,"column":17},"end":{"line":60,"column":54}},"20":{"start":{"line":61,"column":4},"end":{"line":61,"column":52}},"21":{"start":{"line":65,"column":19},"end":{"line":65,"column":36}},"22":{"start":{"line":66,"column":4},"end":{"line":66,"column":64}},"23":{"start":{"line":66,"column":50},"end":{"line":66,"column":64}},"24":{"start":{"line":68,"column":14},"end":{"line":68,"column":31}},"25":{"start":{"line":69,"column":4},"end":{"line":82,"column":5}},"26":{"start":{"line":70,"column":17},"end":{"line":70,"column":33}},"27":{"start":{"line":71,"column":32},"end":{"line":77,"column":8}},"28":{"start":{"line":78,"column":6},"end":{"line":78,"column":31}},"29":{"start":{"line":79,"column":6},"end":{"line":79,"column":19}},"30":{"start":{"line":81,"column":6},"end":{"line":81,"column":18}},"31":{"start":{"line":86,"column":4},"end":{"line":86,"column":27}},"32":{"start":{"line":87,"column":17},"end":{"line":87,"column":34}},"33":{"start":{"line":89,"column":4},"end":{"line":89,"column":40}},"34":{"start":{"line":90,"column":15},"end":{"line":90,"column":34}},"35":{"start":{"line":91,"column":30},"end":{"line":97,"column":6}},"36":{"start":{"line":98,"column":4},"end":{"line":98,"column":29}},"37":{"start":{"line":99,"column":4},"end":{"line":99,"column":31}},"38":{"start":{"line":100,"column":4},"end":{"line":100,"column":33}},"39":{"start":{"line":101,"column":4},"end":{"line":101,"column":17}},"40":{"start":{"line":105,"column":4},"end":{"line":105,"column":35}},"41":{"start":{"line":110,"column":4},"end":{"line":110,"column":75}},"42":{"start":{"line":110,"column":31},"end":{"line":110,"column":75}},"43":{"start":{"line":111,"column":4},"end":{"line":123,"column":5}},"44":{"start":{"line":112,"column":26},"end":{"line":112,"column":56}},"45":{"start":{"line":113,"column":20},"end":{"line":113,"column":43}},"46":{"start":{"line":114,"column":6},"end":{"line":114,"column":24}},"47":{"start":{"line":114,"column":18},"end":{"line":114,"column":24}},"48":{"start":{"line":115,"column":6},"end":{"line":120,"column":7}},"49":{"start":{"line":116,"column":8},"end":{"line":116,"column":36}},"50":{"start":{"line":119,"column":8},"end":{"line":119,"column":73}},"51":{"start":{"line":121,"column":6},"end":{"line":121,"column":36}},"52":{"start":{"line":122,"column":6},"end":{"line":122,"column":33}},"53":{"start":{"line":127,"column":4},"end":{"line":127,"column":27}},"54":{"start":{"line":128,"column":16},"end":{"line":128,"column":26}},"55":{"start":{"line":129,"column":18},"end":{"line":129,"column":44}},"56":{"start":{"line":130,"column":4},"end":{"line":141,"column":5}},"57":{"start":{"line":131,"column":16},"end":{"line":131,"column":38}},"58":{"start":{"line":132,"column":6},"end":{"line":140,"column":7}},"59":{"start":{"line":133,"column":19},"end":{"line":133,"column":35}},"60":{"start":{"line":134,"column":8},"end":{"line":136,"column":9}},"61":{"start":{"line":135,"column":10},"end":{"line":135,"column":29}},"62":{"start":{"line":139,"column":8},"end":{"line":139,"column":69}},"63":{"start":{"line":143,"column":4},"end":{"line":143,"column":24}},"64":{"start":{"line":147,"column":14},"end":{"line":147,"column":15}},"65":{"start":{"line":148,"column":4},"end":{"line":162,"column":5}},"66":{"start":{"line":149,"column":20},"end":{"line":149,"column":46}},"67":{"start":{"line":150,"column":6},"end":{"line":158,"column":7}},"68":{"start":{"line":151,"column":8},"end":{"line":157,"column":9}},"69":{"start":{"line":152,"column":21},"end":{"line":152,"column":58}},"70":{"start":{"line":153,"column":10},"end":{"line":153,"column":25}},"71":{"start":{"line":156,"column":10},"end":{"line":156,"column":64}},"72":{"start":{"line":161,"column":6},"end":{"line":161,"column":60}},"73":{"start":{"line":163,"column":4},"end":{"line":163,"column":26}},"74":{"start":{"line":164,"column":4},"end":{"line":164,"column":15}},"75":{"start":{"line":168,"column":4},"end":{"line":168,"column":66}},"76":{"start":{"line":168,"column":41},"end":{"line":168,"column":45}},"77":{"start":{"line":168,"column":59},"end":{"line":168,"column":64}},"78":{"start":{"line":24,"column":0},"end":{"line":24,"column":13}},"79":{"start":{"line":174,"column":2},"end":{"line":174,"column":40}}},"fnMap":{"0":{"name":"(anonymous_1)","decl":{"start":{"line":31,"column":2},"end":{"line":31,"column":14}},"loc":{"start":{"line":31,"column":35},"end":{"line":44,"column":3}}},"1":{"name":"(anonymous_2)","decl":{"start":{"line":38,"column":34},"end":{"line":38,"column":37}},"loc":{"start":{"line":38,"column":39},"end":{"line":43,"column":5}}},"2":{"name":"(anonymous_3)","decl":{"start":{"line":39,"column":35},"end":{"line":39,"column":36}},"loc":{"start":{"line":39,"column":43},"end":{"line":42,"column":7}}},"3":{"name":"(anonymous_4)","decl":{"start":{"line":46,"column":2},"end":{"line":46,"column":7}},"loc":{"start":{"line":46,"column":17},"end":{"line":57,"column":3}}},"4":{"name":"(anonymous_5)","decl":{"start":{"line":59,"column":10},"end":{"line":59,"column":17}},"loc":{"start":{"line":59,"column":29},"end":{"line":62,"column":3}}},"5":{"name":"(anonymous_6)","decl":{"start":{"line":64,"column":2},"end":{"line":64,"column":7}},"loc":{"start":{"line":64,"column":23},"end":{"line":83,"column":3}}},"6":{"name":"(anonymous_7)","decl":{"start":{"line":85,"column":2},"end":{"line":85,"column":7}},"loc":{"start":{"line":85,"column":43},"end":{"line":102,"column":3}}},"7":{"name":"(anonymous_8)","decl":{"start":{"line":104,"column":2},"end":{"line":104,"column":7}},"loc":{"start":{"line":104,"column":13},"end":{"line":106,"column":3}}},"8":{"name":"(anonymous_9)","decl":{"start":{"line":109,"column":10},"end":{"line":109,"column":15}},"loc":{"start":{"line":109,"column":31},"end":{"line":124,"column":3}}},"9":{"name":"(anonymous_10)","decl":{"start":{"line":126,"column":10},"end":{"line":126,"column":15}},"loc":{"start":{"line":126,"column":26},"end":{"line":144,"column":3}}},"10":{"name":"(anonymous_11)","decl":{"start":{"line":146,"column":10},"end":{"line":146,"column":15}},"loc":{"start":{"line":146,"column":28},"end":{"line":165,"column":3}}},"11":{"name":"(anonymous_12)","decl":{"start":{"line":167,"column":10},"end":{"line":167,"column":15}},"loc":{"start":{"line":167,"column":32},"end":{"line":169,"column":3}}},"12":{"name":"(anonymous_13)","decl":{"start":{"line":168,"column":35},"end":{"line":168,"column":38}},"loc":{"start":{"line":168,"column":41},"end":{"line":168,"column":45}}},"13":{"name":"(anonymous_14)","decl":{"start":{"line":168,"column":53},"end":{"line":168,"column":56}},"loc":{"start":{"line":168,"column":59},"end":{"line":168,"column":64}}},"14":{"name":"makeEtagFromStats","decl":{"start":{"line":172,"column":16},"end":{"line":172,"column":33}},"loc":{"start":{"line":172,"column":47},"end":{"line":175,"column":1}}}},"branchMap":{"0":{"loc":{"start":{"line":31,"column":14},"end":{"line":31,"column":35}},"type":"default-arg","locations":[{"start":{"line":31,"column":33},"end":{"line":31,"column":35}}]},"1":{"loc":{"start":{"line":32,"column":28},"end":{"line":32,"column":51}},"type":"binary-expr","locations":[{"start":{"line":32,"column":28},"end":{"line":32,"column":35}},{"start":{"line":32,"column":39},"end":{"line":32,"column":51}}]},"2":{"loc":{"start":{"line":33,"column":50},"end":{"line":33,"column":69}},"type":"binary-expr","locations":[{"start":{"line":33,"column":50},"end":{"line":33,"column":62}},{"start":{"line":33,"column":66},"end":{"line":33,"column":69}}]},"3":{"loc":{"start":{"line":34,"column":20},"end":{"line":34,"column":53}},"type":"binary-expr","locations":[{"start":{"line":34,"column":20},"end":{"line":34,"column":32}},{"start":{"line":34,"column":36},"end":{"line":34,"column":53}}]},"4":{"loc":{"start":{"line":35,"column":17},"end":{"line":35,"column":49}},"type":"binary-expr","locations":[{"start":{"line":35,"column":17},"end":{"line":35,"column":26}},{"start":{"line":35,"column":30},"end":{"line":35,"column":49}}]},"5":{"loc":{"start":{"line":37,"column":28},"end":{"line":37,"column":65}},"type":"binary-expr","locations":[{"start":{"line":37,"column":28},"end":{"line":37,"column":47}},{"start":{"line":37,"column":51},"end":{"line":37,"column":65}}]},"6":{"loc":{"start":{"line":41,"column":43},"end":{"line":41,"column":91}},"type":"cond-expr","locations":[{"start":{"line":41,"column":66},"end":{"line":41,"column":77}},{"start":{"line":41,"column":80},"end":{"line":41,"column":91}}]},"7":{"loc":{"start":{"line":66,"column":4},"end":{"line":66,"column":64}},"type":"if","locations":[{"start":{"line":66,"column":4},"end":{"line":66,"column":64}},{"start":{},"end":{}}]},"8":{"loc":{"start":{"line":66,"column":8},"end":{"line":66,"column":48}},"type":"binary-expr","locations":[{"start":{"line":66,"column":8},"end":{"line":66,"column":14}},{"start":{"line":66,"column":18},"end":{"line":66,"column":48}}]},"9":{"loc":{"start":{"line":110,"column":4},"end":{"line":110,"column":75}},"type":"if","locations":[{"start":{"line":110,"column":4},"end":{"line":110,"column":75}},{"start":{},"end":{}}]},"10":{"loc":{"start":{"line":111,"column":11},"end":{"line":111,"column":63}},"type":"binary-expr","locations":[{"start":{"line":111,"column":11},"end":{"line":111,"column":42}},{"start":{"line":111,"column":46},"end":{"line":111,"column":63}}]},"11":{"loc":{"start":{"line":114,"column":6},"end":{"line":114,"column":24}},"type":"if","locations":[{"start":{"line":114,"column":6},"end":{"line":114,"column":24}},{"start":{},"end":{}}]},"12":{"loc":{"start":{"line":134,"column":8},"end":{"line":136,"column":9}},"type":"if","locations":[{"start":{"line":134,"column":8},"end":{"line":136,"column":9}},{"start":{},"end":{}}]}},"s":{"0":1,"1":1,"2":1,"3":1,"4":1,"5":16,"6":16,"7":16,"8":16,"9":16,"10":16,"11":16,"12":0,"13":0,"14":5,"15":5,"16":0,"17":0,"18":0,"19":4,"20":4,"21":4,"22":4,"23":1,"24":3,"25":3,"26":3,"27":1,"28":1,"29":1,"30":2,"31":1,"32":1,"33":1,"34":1,"35":1,"36":1,"37":1,"38":1,"39":1,"40":1,"41":3,"42":0,"43":3,"44":2,"45":2,"46":2,"47":0,"48":2,"49":2,"50":1,"51":2,"52":2,"53":3,"54":3,"55":3,"56":3,"57":3,"58":3,"59":3,"60":3,"61":2,"62":1,"63":3,"64":2,"65":2,"66":2,"67":2,"68":3,"69":3,"70":2,"71":1,"72":0,"73":2,"74":2,"75":3,"76":2,"77":1,"78":1,"79":3},"f":{"0":16,"1":0,"2":0,"3":5,"4":4,"5":4,"6":1,"7":1,"8":3,"9":3,"10":2,"11":3,"12":2,"13":1,"14":3},"b":{"0":[16],"1":[16,16],"2":[16,16],"3":[16,16],"4":[16,16],"5":[16,16],"6":[0,0],"7":[1,3],"8":[4,2],"9":[0,3],"10":[5,2],"11":[0,2],"12":[2,1]}}
,"/home/bat/AisStream/src/services/QueryKey.ts": {"path":"/home/bat/AisStream/src/services/QueryKey.ts","statementMap":{"0":{"start":{"line":12,"column":0},"end":{"line":12,"column":16}},"1":{"start":{"line":13,"column":18},"end":{"line":13,"column":75}},"2":{"start":{"line":14,"column":20},"end":{"line":14,"column":36}},"3":{"start":{"line":15,"column":17},"end":{"line":15,"column":30}},"4":{"start":{"line":16,"column":17},"end":{"line":16,"column":53}},"5":{"start":{"line":17,"column":15},"end":{"line":17,"column":31}},"6":{"start":{"line":18,"column":14},"end":{"line":18,"column":25}},"7":{"start":{"line":19,"column":2},"end":{"line":19,"column":88}}},"fnMap":{"0":{"name":"makeQueryKey","decl":{"start":{"line":12,"column":16},"end":{"line":12,"column":28}},"loc":{"start":{"line":12,"column":41},"end":{"line":20,"column":1}}}},"branchMap":{"0":{"loc":{"start":{"line":13,"column":18},"end":{"line":13,"column":75}},"type":"cond-expr","locations":[{"start":{"line":13,"column":42},"end":{"line":13,"column":58}},{"start":{"line":13,"column":61},"end":{"line":13,"column":75}}]},"1":{"loc":{"start":{"line":14,"column":20},"end":{"line":14,"column":36}},"type":"binary-expr","locations":[{"start":{"line":14,"column":20},"end":{"line":14,"column":31}},{"start":{"line":14,"column":35},"end":{"line":14,"column":36}}]},"2":{"loc":{"start":{"line":15,"column":17},"end":{"line":15,"column":30}},"type":"binary-expr","locations":[{"start":{"line":15,"column":17},"end":{"line":15,"column":25}},{"start":{"line":15,"column":29},"end":{"line":15,"column":30}}]},"3":{"loc":{"start":{"line":16,"column":18},"end":{"line":16,"column":38}},"type":"binary-expr","locations":[{"start":{"line":16,"column":18},"end":{"line":16,"column":26}},{"start":{"line":16,"column":30},"end":{"line":16,"column":38}}]},"4":{"loc":{"start":{"line":17,"column":15},"end":{"line":17,"column":31}},"type":"binary-expr","locations":[{"start":{"line":17,"column":15},"end":{"line":17,"column":21}},{"start":{"line":17,"column":25},"end":{"line":17,"column":31}}]},"5":{"loc":{"start":{"line":18,"column":14},"end":{"line":18,"column":25}},"type":"binary-expr","locations":[{"start":{"line":18,"column":14},"end":{"line":18,"column":19}},{"start":{"line":18,"column":23},"end":{"line":18,"column":25}}]}},"s":{"0":1,"1":8,"2":8,"3":8,"4":8,"5":8,"6":8,"7":8},"f":{"0":8},"b":{"0":[7,1],"1":[8,6],"2":[8,6],"3":[8,6],"4":[8,6],"5":[8,6]}}
,"/home/bat/AisStream/src/services/S2Service.ts": {"path":"/home/bat/AisStream/src/services/S2Service.ts","statementMap":{"0":{"start":{"line":35,"column":0},"end":{"line":35,"column":16}},"1":{"start":{"line":39,"column":0},"end":{"line":39,"column":16}},"2":{"start":{"line":48,"column":0},"end":{"line":48,"column":16}},"3":{"start":{"line":60,"column":0},"end":{"line":60,"column":16}},"4":{"start":{"line":64,"column":0},"end":{"line":64,"column":7}},"5":{"start":{"line":70,"column":0},"end":{"line":70,"column":16}},"6":{"start":{"line":78,"column":0},"end":{"line":78,"column":16}},"7":{"start":{"line":83,"column":0},"end":{"line":83,"column":16}},"8":{"start":{"line":192,"column":0},"end":{"line":192,"column":7}},"9":{"start":{"line":238,"column":0},"end":{"line":238,"column":7}},"10":{"start":{"line":1,"column":0},"end":{"line":1,"column":22}},"11":{"start":{"line":2,"column":0},"end":{"line":2,"column":52}},"12":{"start":{"line":3,"column":0},"end":{"line":3,"column":29}},"13":{"start":{"line":32,"column":21},"end":{"line":32,"column":51}},"14":{"start":{"line":36,"column":12},"end":{"line":36,"column":51}},"15":{"start":{"line":37,"column":2},"end":{"line":37,"column":62}},"16":{"start":{"line":40,"column":15},"end":{"line":40,"column":75}},"17":{"start":{"line":41,"column":2},"end":{"line":45,"column":3}},"18":{"start":{"line":42,"column":14},"end":{"line":42,"column":20}},"19":{"start":{"line":43,"column":4},"end":{"line":43,"column":40}},"20":{"start":{"line":43,"column":31},"end":{"line":43,"column":40}},"21":{"start":{"line":44,"column":4},"end":{"line":44,"column":67}},"22":{"start":{"line":44,"column":57},"end":{"line":44,"column":67}},"23":{"start":{"line":46,"column":2},"end":{"line":46,"column":19}},"24":{"start":{"line":49,"column":16},"end":{"line":49,"column":36}},"25":{"start":{"line":51,"column":4},"end":{"line":54,"column":23}},"26":{"start":{"line":55,"column":2},"end":{"line":55,"column":28}},"27":{"start":{"line":55,"column":10},"end":{"line":55,"column":28}},"28":{"start":{"line":56,"column":21},"end":{"line":56,"column":33}},"29":{"start":{"line":57,"column":12},"end":{"line":57,"column":36}},"30":{"start":{"line":58,"column":2},"end":{"line":58,"column":74}},"31":{"start":{"line":61,"column":12},"end":{"line":61,"column":46}},"32":{"start":{"line":62,"column":2},"end":{"line":62,"column":60}},"33":{"start":{"line":65,"column":2},"end":{"line":68,"column":27}},"34":{"start":{"line":66,"column":14},"end":{"line":66,"column":87}},"35":{"start":{"line":67,"column":4},"end":{"line":67,"column":53}},"36":{"start":{"line":68,"column":12},"end":{"line":68,"column":25}},"37":{"start":{"line":71,"column":12},"end":{"line":71,"column":25}},"38":{"start":{"line":72,"column":12},"end":{"line":72,"column":30}},"39":{"start":{"line":73,"column":12},"end":{"line":73,"column":31}},"40":{"start":{"line":74,"column":14},"end":{"line":74,"column":28}},"41":{"start":{"line":75,"column":15},"end":{"line":75,"column":151}},"42":{"start":{"line":76,"column":2},"end":{"line":76,"column":108}},"43":{"start":{"line":79,"column":2},"end":{"line":79,"column":33}},"44":{"start":{"line":79,"column":21},"end":{"line":79,"column":33}},"45":{"start":{"line":80,"column":14},"end":{"line":80,"column":50}},"46":{"start":{"line":80,"column":29},"end":{"line":80,"column":50}},"47":{"start":{"line":81,"column":2},"end":{"line":81,"column":114}},"48":{"start":{"line":84,"column":2},"end":{"line":84,"column":33}},"49":{"start":{"line":84,"column":21},"end":{"line":84,"column":33}},"50":{"start":{"line":85,"column":2},"end":{"line":85,"column":119}},"51":{"start":{"line":91,"column":2},"end":{"line":95,"column":4}},"52":{"start":{"line":97,"column":2},"end":{"line":101,"column":4}},"53":{"start":{"line":105,"column":13},"end":{"line":105,"column":28}},"54":{"start":{"line":106,"column":14},"end":{"line":106,"column":15}},"55":{"start":{"line":107,"column":2},"end":{"line":133,"column":3}},"56":{"start":{"line":108,"column":17},"end":{"line":115,"column":6}},"57":{"start":{"line":116,"column":4},"end":{"line":119,"column":5}},"58":{"start":{"line":118,"column":6},"end":{"line":118,"column":12}},"59":{"start":{"line":120,"column":20},"end":{"line":120,"column":29}},"60":{"start":{"line":121,"column":18},"end":{"line":121,"column":64}},"61":{"start":{"line":122,"column":4},"end":{"line":122,"column":35}},"62":{"start":{"line":122,"column":27},"end":{"line":122,"column":35}},"63":{"start":{"line":124,"column":17},"end":{"line":124,"column":94}},"64":{"start":{"line":124,"column":52},"end":{"line":124,"column":93}},"65":{"start":{"line":125,"column":4},"end":{"line":125,"column":21}},"66":{"start":{"line":125,"column":15},"end":{"line":125,"column":21}},"67":{"start":{"line":126,"column":4},"end":{"line":131,"column":5}},"68":{"start":{"line":126,"column":19},"end":{"line":126,"column":36}},"69":{"start":{"line":127,"column":9},"end":{"line":131,"column":5}},"70":{"start":{"line":130,"column":6},"end":{"line":130,"column":12}},"71":{"start":{"line":132,"column":4},"end":{"line":132,"column":12}},"72":{"start":{"line":138,"column":12},"end":{"line":138,"column":28}},"73":{"start":{"line":140,"column":4},"end":{"line":141,"column":47}},"74":{"start":{"line":142,"column":2},"end":{"line":146,"column":3}},"75":{"start":{"line":143,"column":14},"end":{"line":143,"column":25}},"76":{"start":{"line":144,"column":17},"end":{"line":144,"column":55}},"77":{"start":{"line":145,"column":4},"end":{"line":145,"column":95}},"78":{"start":{"line":145,"column":36},"end":{"line":145,"column":95}},"79":{"start":{"line":148,"column":17},"end":{"line":148,"column":31}},"80":{"start":{"line":149,"column":2},"end":{"line":152,"column":3}},"81":{"start":{"line":150,"column":17},"end":{"line":150,"column":70}},"82":{"start":{"line":151,"column":4},"end":{"line":151,"column":32}},"83":{"start":{"line":153,"column":2},"end":{"line":153,"column":14}},"84":{"start":{"line":157,"column":23},"end":{"line":157,"column":27}},"85":{"start":{"line":158,"column":36},"end":{"line":158,"column":40}},"86":{"start":{"line":162,"column":2},"end":{"line":166,"column":3}},"87":{"start":{"line":163,"column":17},"end":{"line":163,"column":39}},"88":{"start":{"line":164,"column":15},"end":{"line":164,"column":97}},"89":{"start":{"line":165,"column":4},"end":{"line":165,"column":40}},"90":{"start":{"line":165,"column":27},"end":{"line":165,"column":40}},"91":{"start":{"line":169,"column":2},"end":{"line":181,"column":3}},"92":{"start":{"line":170,"column":14},"end":{"line":170,"column":30}},"93":{"start":{"line":171,"column":17},"end":{"line":171,"column":44}},"94":{"start":{"line":172,"column":17},"end":{"line":172,"column":45}},"95":{"start":{"line":173,"column":17},"end":{"line":173,"column":43}},"96":{"start":{"line":174,"column":16},"end":{"line":174,"column":105}},"97":{"start":{"line":175,"column":16},"end":{"line":175,"column":105}},"98":{"start":{"line":176,"column":16},"end":{"line":176,"column":105}},"99":{"start":{"line":177,"column":4},"end":{"line":180,"column":5}},"100":{"start":{"line":178,"column":17},"end":{"line":178,"column":84}},"101":{"start":{"line":179,"column":6},"end":{"line":179,"column":69}},"102":{"start":{"line":179,"column":28},"end":{"line":179,"column":69}},"103":{"start":{"line":183,"column":2},"end":{"line":185,"column":3}},"104":{"start":{"line":184,"column":4},"end":{"line":184,"column":68}},"105":{"start":{"line":186,"column":2},"end":{"line":186,"column":51}},"106":{"start":{"line":186,"column":14},"end":{"line":186,"column":51}},"107":{"start":{"line":188,"column":2},"end":{"line":188,"column":44}},"108":{"start":{"line":193,"column":16},"end":{"line":193,"column":23}},"109":{"start":{"line":193,"column":31},"end":{"line":193,"column":36}},"110":{"start":{"line":194,"column":18},"end":{"line":194,"column":36}},"111":{"start":{"line":195,"column":15},"end":{"line":195,"column":48}},"112":{"start":{"line":196,"column":17},"end":{"line":196,"column":41}},"113":{"start":{"line":197,"column":19},"end":{"line":197,"column":74}},"114":{"start":{"line":198,"column":22},"end":{"line":198,"column":86}},"115":{"start":{"line":200,"column":28},"end":{"line":200,"column":30}},"116":{"start":{"line":201,"column":2},"end":{"line":230,"column":3}},"117":{"start":{"line":202,"column":18},"end":{"line":202,"column":38}},"118":{"start":{"line":203,"column":15},"end":{"line":203,"column":36}},"119":{"start":{"line":204,"column":15},"end":{"line":204,"column":31}},"120":{"start":{"line":205,"column":4},"end":{"line":205,"column":84}},"121":{"start":{"line":205,"column":75},"end":{"line":205,"column":84}},"122":{"start":{"line":206,"column":4},"end":{"line":206,"column":62}},"123":{"start":{"line":206,"column":53},"end":{"line":206,"column":62}},"124":{"start":{"line":208,"column":15},"end":{"line":208,"column":35}},"125":{"start":{"line":209,"column":15},"end":{"line":209,"column":63}},"126":{"start":{"line":210,"column":4},"end":{"line":210,"column":29}},"127":{"start":{"line":210,"column":20},"end":{"line":210,"column":29}},"128":{"start":{"line":212,"column":17},"end":{"line":212,"column":30}},"129":{"start":{"line":213,"column":22},"end":{"line":213,"column":44}},"130":{"start":{"line":214,"column":47},"end":{"line":214,"column":80}},"131":{"start":{"line":216,"column":4},"end":{"line":228,"column":7}},"132":{"start":{"line":229,"column":4},"end":{"line":229,"column":37}},"133":{"start":{"line":229,"column":31},"end":{"line":229,"column":37}},"134":{"start":{"line":232,"column":17},"end":{"line":232,"column":40}},"135":{"start":{"line":233,"column":2},"end":{"line":233,"column":60}},"136":{"start":{"line":233,"column":31},"end":{"line":233,"column":60}},"137":{"start":{"line":235,"column":2},"end":{"line":235,"column":82}},"138":{"start":{"line":239,"column":16},"end":{"line":239,"column":23}},"139":{"start":{"line":239,"column":31},"end":{"line":239,"column":36}},"140":{"start":{"line":240,"column":18},"end":{"line":240,"column":36}},"141":{"start":{"line":241,"column":15},"end":{"line":241,"column":48}},"142":{"start":{"line":242,"column":17},"end":{"line":242,"column":41}},"143":{"start":{"line":243,"column":19},"end":{"line":243,"column":74}},"144":{"start":{"line":244,"column":22},"end":{"line":244,"column":86}},"145":{"start":{"line":246,"column":29},"end":{"line":246,"column":31}},"146":{"start":{"line":247,"column":2},"end":{"line":278,"column":3}},"147":{"start":{"line":248,"column":18},"end":{"line":248,"column":38}},"148":{"start":{"line":249,"column":15},"end":{"line":249,"column":36}},"149":{"start":{"line":250,"column":15},"end":{"line":250,"column":31}},"150":{"start":{"line":251,"column":4},"end":{"line":251,"column":84}},"151":{"start":{"line":251,"column":75},"end":{"line":251,"column":84}},"152":{"start":{"line":252,"column":4},"end":{"line":252,"column":62}},"153":{"start":{"line":252,"column":53},"end":{"line":252,"column":62}},"154":{"start":{"line":254,"column":15},"end":{"line":254,"column":35}},"155":{"start":{"line":255,"column":15},"end":{"line":255,"column":44}},"156":{"start":{"line":256,"column":4},"end":{"line":256,"column":29}},"157":{"start":{"line":256,"column":20},"end":{"line":256,"column":29}},"158":{"start":{"line":258,"column":17},"end":{"line":258,"column":30}},"159":{"start":{"line":259,"column":22},"end":{"line":259,"column":44}},"160":{"start":{"line":260,"column":47},"end":{"line":260,"column":80}},"161":{"start":{"line":262,"column":27},"end":{"line":274,"column":6}},"162":{"start":{"line":275,"column":4},"end":{"line":275,"column":24}},"163":{"start":{"line":276,"column":4},"end":{"line":276,"column":16}},"164":{"start":{"line":277,"column":4},"end":{"line":277,"column":40}},"165":{"start":{"line":277,"column":34},"end":{"line":277,"column":40}},"166":{"start":{"line":280,"column":2},"end":{"line":280,"column":62}},"167":{"start":{"line":280,"column":32},"end":{"line":280,"column":62}},"168":{"start":{"line":282,"column":2},"end":{"line":282,"column":91}},"169":{"start":{"line":286,"column":14},"end":{"line":286,"column":63}},"170":{"start":{"line":287,"column":2},"end":{"line":287,"column":40}},"171":{"start":{"line":288,"column":2},"end":{"line":297,"column":3}},"172":{"start":{"line":289,"column":4},"end":{"line":289,"column":31}},"173":{"start":{"line":289,"column":22},"end":{"line":289,"column":31}},"174":{"start":{"line":290,"column":17},"end":{"line":290,"column":78}},"175":{"start":{"line":291,"column":4},"end":{"line":296,"column":5}},"176":{"start":{"line":292,"column":16},"end":{"line":292,"column":123}},"177":{"start":{"line":293,"column":6},"end":{"line":293,"column":109}},"178":{"start":{"line":293,"column":53},"end":{"line":293,"column":109}}},"fnMap":{"0":{"name":"parseMgrs","decl":{"start":{"line":35,"column":16},"end":{"line":35,"column":25}},"loc":{"start":{"line":35,"column":36},"end":{"line":38,"column":1}}},"1":{"name":"cloudFrom","decl":{"start":{"line":39,"column":16},"end":{"line":39,"column":25}},"loc":{"start":{"line":39,"column":32},"end":{"line":47,"column":1}}},"2":{"name":"deriveProductType","decl":{"start":{"line":48,"column":16},"end":{"line":48,"column":33}},"loc":{"start":{"line":48,"column":41},"end":{"line":59,"column":1}}},"3":{"name":"s3toHttps","decl":{"start":{"line":60,"column":16},"end":{"line":60,"column":25}},"loc":{"start":{"line":60,"column":35},"end":{"line":63,"column":1}}},"4":{"name":"urlExists","decl":{"start":{"line":64,"column":22},"end":{"line":64,"column":31}},"loc":{"start":{"line":64,"column":41},"end":{"line":69,"column":1}}},"5":{"name":"buildCogUrls","decl":{"start":{"line":70,"column":16},"end":{"line":70,"column":28}},"loc":{"start":{"line":70,"column":76},"end":{"line":77,"column":1}}},"6":{"name":"rgbTileTemplate","decl":{"start":{"line":78,"column":16},"end":{"line":78,"column":31}},"loc":{"start":{"line":78,"column":63},"end":{"line":82,"column":1}}},"7":{"name":"(anonymous_8)","decl":{"start":{"line":80,"column":14},"end":{"line":80,"column":15}},"loc":{"start":{"line":80,"column":29},"end":{"line":80,"column":50}}},"8":{"name":"titilerPreview","decl":{"start":{"line":83,"column":16},"end":{"line":83,"column":30}},"loc":{"start":{"line":83,"column":40},"end":{"line":86,"column":1}}},"9":{"name":"stacItemsIterator","decl":{"start":{"line":89,"column":16},"end":{"line":89,"column":33}},"loc":{"start":{"line":89,"column":112},"end":{"line":102,"column":1}}},"10":{"name":"stacPagedPOST","decl":{"start":{"line":104,"column":16},"end":{"line":104,"column":29}},"loc":{"start":{"line":104,"column":75},"end":{"line":134,"column":1}}},"11":{"name":"(anonymous_12)","decl":{"start":{"line":124,"column":40},"end":{"line":124,"column":41}},"loc":{"start":{"line":124,"column":52},"end":{"line":124,"column":93}}},"12":{"name":"pickQuicklookAsset","decl":{"start":{"line":137,"column":9},"end":{"line":137,"column":27}},"loc":{"start":{"line":137,"column":35},"end":{"line":154,"column":1}}},"13":{"name":"pickBands","decl":{"start":{"line":156,"column":15},"end":{"line":156,"column":24}},"loc":{"start":{"line":156,"column":79},"end":{"line":189,"column":1}}},"14":{"name":"searchSentinel2","decl":{"start":{"line":192,"column":22},"end":{"line":192,"column":37}},"loc":{"start":{"line":192,"column":48},"end":{"line":236,"column":1}}},"15":{"name":"searchSentinel2Stream","decl":{"start":{"line":238,"column":23},"end":{"line":238,"column":44}},"loc":{"start":{"line":238,"column":55},"end":{"line":283,"column":1}}},"16":{"name":"saveQuicklooks","decl":{"start":{"line":285,"column":15},"end":{"line":285,"column":29}},"loc":{"start":{"line":285,"column":47},"end":{"line":298,"column":1}}}},"branchMap":{"0":{"loc":{"start":{"line":32,"column":21},"end":{"line":32,"column":51}},"type":"binary-expr","locations":[{"start":{"line":32,"column":21},"end":{"line":32,"column":45}},{"start":{"line":32,"column":49},"end":{"line":32,"column":51}}]},"1":{"loc":{"start":{"line":37,"column":9},"end":{"line":37,"column":61}},"type":"cond-expr","locations":[{"start":{"line":37,"column":13},"end":{"line":37,"column":54}},{"start":{"line":37,"column":57},"end":{"line":37,"column":61}}]},"2":{"loc":{"start":{"line":43,"column":4},"end":{"line":43,"column":40}},"type":"if","locations":[{"start":{"line":43,"column":4},"end":{"line":43,"column":40}},{"start":{},"end":{}}]},"3":{"loc":{"start":{"line":44,"column":4},"end":{"line":44,"column":67}},"type":"if","locations":[{"start":{"line":44,"column":4},"end":{"line":44,"column":67}},{"start":{},"end":{}}]},"4":{"loc":{"start":{"line":44,"column":8},"end":{"line":44,"column":55}},"type":"binary-expr","locations":[{"start":{"line":44,"column":8},"end":{"line":44,"column":29}},{"start":{"line":44,"column":33},"end":{"line":44,"column":41}},{"start":{"line":44,"column":45},"end":{"line":44,"column":55}}]},"5":{"loc":{"start":{"line":49,"column":16},"end":{"line":49,"column":36}},"type":"binary-expr","locations":[{"start":{"line":49,"column":16},"end":{"line":49,"column":30}},{"start":{"line":49,"column":34},"end":{"line":49,"column":36}}]},"6":{"loc":{"start":{"line":51,"column":4},"end":{"line":54,"column":23}},"type":"binary-expr","locations":[{"start":{"line":51,"column":4},"end":{"line":51,"column":28}},{"start":{"line":52,"column":4},"end":{"line":52,"column":24}},{"start":{"line":53,"column":4},"end":{"line":53,"column":29}},{"start":{"line":54,"column":4},"end":{"line":54,"column":23}}]},"7":{"loc":{"start":{"line":55,"column":2},"end":{"line":55,"column":28}},"type":"if","locations":[{"start":{"line":55,"column":2},"end":{"line":55,"column":28}},{"start":{},"end":{}}]},"8":{"loc":{"start":{"line":56,"column":21},"end":{"line":56,"column":33}},"type":"binary-expr","locations":[{"start":{"line":56,"column":21},"end":{"line":56,"column":27}},{"start":{"line":56,"column":31},"end":{"line":56,"column":33}}]},"9":{"loc":{"start":{"line":58,"column":9},"end":{"line":58,"column":73}},"type":"cond-expr","locations":[{"start":{"line":58,"column":28},"end":{"line":58,"column":37}},{"start":{"line":58,"column":40},"end":{"line":58,"column":73}}]},"10":{"loc":{"start":{"line":58,"column":40},"end":{"line":58,"column":73}},"type":"cond-expr","locations":[{"start":{"line":58,"column":59},"end":{"line":58,"column":68}},{"start":{"line":58,"column":71},"end":{"line":58,"column":73}}]},"11":{"loc":{"start":{"line":62,"column":9},"end":{"line":62,"column":59}},"type":"cond-expr","locations":[{"start":{"line":62,"column":13},"end":{"line":62,"column":55}},{"start":{"line":62,"column":58},"end":{"line":62,"column":59}}]},"12":{"loc":{"start":{"line":67,"column":11},"end":{"line":67,"column":52}},"type":"binary-expr","locations":[{"start":{"line":67,"column":11},"end":{"line":67,"column":30}},{"start":{"line":67,"column":34},"end":{"line":67,"column":52}}]},"13":{"loc":{"start":{"line":79,"column":2},"end":{"line":79,"column":33}},"type":"if","locations":[{"start":{"line":79,"column":2},"end":{"line":79,"column":33}},{"start":{},"end":{}}]},"14":{"loc":{"start":{"line":84,"column":2},"end":{"line":84,"column":33}},"type":"if","locations":[{"start":{"line":84,"column":2},"end":{"line":84,"column":33}},{"start":{},"end":{}}]},"15":{"loc":{"start":{"line":116,"column":4},"end":{"line":119,"column":5}},"type":"if","locations":[{"start":{"line":116,"column":4},"end":{"line":119,"column":5}},{"start":{},"end":{}}]},"16":{"loc":{"start":{"line":116,"column":8},"end":{"line":116,"column":55}},"type":"binary-expr","locations":[{"start":{"line":116,"column":8},"end":{"line":116,"column":29}},{"start":{"line":116,"column":33},"end":{"line":116,"column":55}}]},"17":{"loc":{"start":{"line":121,"column":18},"end":{"line":121,"column":64}},"type":"cond-expr","locations":[{"start":{"line":121,"column":48},"end":{"line":121,"column":59}},{"start":{"line":121,"column":62},"end":{"line":121,"column":64}}]},"18":{"loc":{"start":{"line":124,"column":18},"end":{"line":124,"column":33}},"type":"binary-expr","locations":[{"start":{"line":124,"column":18},"end":{"line":124,"column":27}},{"start":{"line":124,"column":31},"end":{"line":124,"column":33}}]},"19":{"loc":{"start":{"line":124,"column":52},"end":{"line":124,"column":93}},"type":"binary-expr","locations":[{"start":{"line":124,"column":52},"end":{"line":124,"column":69}},{"start":{"line":124,"column":74},"end":{"line":124,"column":81}},{"start":{"line":124,"column":85},"end":{"line":124,"column":92}}]},"20":{"loc":{"start":{"line":125,"column":4},"end":{"line":125,"column":21}},"type":"if","locations":[{"start":{"line":125,"column":4},"end":{"line":125,"column":21}},{"start":{},"end":{}}]},"21":{"loc":{"start":{"line":126,"column":4},"end":{"line":131,"column":5}},"type":"if","locations":[{"start":{"line":126,"column":4},"end":{"line":131,"column":5}},{"start":{"line":127,"column":9},"end":{"line":131,"column":5}}]},"22":{"loc":{"start":{"line":127,"column":9},"end":{"line":131,"column":5}},"type":"if","locations":[{"start":{"line":127,"column":9},"end":{"line":131,"column":5}},{"start":{},"end":{}}]},"23":{"loc":{"start":{"line":138,"column":12},"end":{"line":138,"column":28}},"type":"binary-expr","locations":[{"start":{"line":138,"column":12},"end":{"line":138,"column":22}},{"start":{"line":138,"column":26},"end":{"line":138,"column":28}}]},"24":{"loc":{"start":{"line":140,"column":4},"end":{"line":141,"column":47}},"type":"binary-expr","locations":[{"start":{"line":140,"column":4},"end":{"line":140,"column":21}},{"start":{"line":140,"column":25},"end":{"line":140,"column":42}},{"start":{"line":140,"column":46},"end":{"
[...]
{"line":175,"column":97}},{"start":{"line":175,"column":101},"end":{"line":175,"column":105}}]},"42":{"loc":{"start":{"line":175,"column":24},"end":{"line":175,"column":97}},"type":"cond-expr","locations":[{"start":{"line":175,"column":59},"end":{"line":175,"column":82}},{"start":{"line":175,"column":85},"end":{"line":175,"column":97}}]},"43":{"loc":{"start":{"line":176,"column":16},"end":{"line":176,"column":105}},"type":"cond-expr","locations":[{"start":{"line":176,"column":24},"end":{"line":176,"column":97}},{"start":{"line":176,"column":101},"end":{"line":176,"column":105}}]},"44":{"loc":{"start":{"line":176,"column":24},"end":{"line":176,"column":97}},"type":"cond-expr","locations":[{"start":{"line":176,"column":59},"end":{"line":176,"column":82}},{"start":{"line":176,"column":85},"end":{"line":176,"column":97}}]},"45":{"loc":{"start":{"line":177,"column":4},"end":{"line":180,"column":5}},"type":"if","locations":[{"start":{"line":177,"column":4},"end":{"line":180,"column":5}},{"start":{},"end":{}}]},"46":{"loc":{"start":{"line":177,"column":8},"end":{"line":177,"column":25}},"type":"binary-expr","locations":[{"start":{"line":177,"column":8},"end":{"line":177,"column":11}},{"start":{"line":177,"column":15},"end":{"line":177,"column":18}},{"start":{"line":177,"column":22},"end":{"line":177,"column":25}}]},"47":{"loc":{"start":{"line":179,"column":6},"end":{"line":179,"column":69}},"type":"if","locations":[{"start":{"line":179,"column":6},"end":{"line":179,"column":69}},{"start":{},"end":{}}]},"48":{"loc":{"start":{"line":183,"column":2},"end":{"line":185,"column":3}},"type":"if","locations":[{"start":{"line":183,"column":2},"end":{"line":185,"column":3}},{"start":{},"end":{}}]},"49":{"loc":{"start":{"line":183,"column":6},"end":{"line":183,"column":27}},"type":"binary-expr","locations":[{"start":{"line":183,"column":6},"end":{"line":183,"column":11}},{"start":{"line":183,"column":15},"end":{"line":183,"column":27}}]},"50":{"loc":{"start":{"line":186,"column":2},"end":{"line":186,"column":51}},"type":"if","locations":[{"start":{"line":186,"column":2},"end":{"line":186,"column":51}},{"start":{},"end":{}}]},"51":{"loc":{"start":{"line":195,"column":34},"end":{"line":195,"column":46}},"type":"binary-expr","locations":[{"start":{"line":195,"column":34},"end":{"line":195,"column":41}},{"start":{"line":195,"column":45},"end":{"line":195,"column":46}}]},"52":{"loc":{"start":{"line":196,"column":24},"end":{"line":196,"column":40}},"type":"binary-expr","locations":[{"start":{"line":196,"column":24},"end":{"line":196,"column":32}},{"start":{"line":196,"column":36},"end":{"line":196,"column":40}}]},"53":{"loc":{"start":{"line":197,"column":19},"end":{"line":197,"column":74}},"type":"cond-expr","locations":[{"start":{"line":197,"column":45},"end":{"line":197,"column":62}},{"start":{"line":197,"column":65},"end":{"line":197,"column":74}}]},"54":{"loc":{"start":{"line":198,"column":23},"end":{"line":198,"column":45}},"type":"binary-expr","locations":[{"start":{"line":198,"column":23},"end":{"line":198,"column":36}},{"start":{"line":198,"column":40},"end":{"line":198,"column":45}}]},"55":{"loc":{"start":{"line":202,"column":18},"end":{"line":202,"column":38}},"type":"binary-expr","locations":[{"start":{"line":202,"column":18},"end":{"line":202,"column":32}},{"start":{"line":202,"column":36},"end":{"line":202,"column":38}}]},"56":{"loc":{"start":{"line":205,"column":4},"end":{"line":205,"column":84}},"type":"if","locations":[{"start":{"line":205,"column":4},"end":{"line":205,"column":84}},{"start":{},"end":{}}]},"57":{"loc":{"start":{"line":205,"column":8},"end":{"line":205,"column":73}},"type":"binary-expr","locations":[{"start":{"line":205,"column":8},"end":{"line":205,"column":30}},{"start":{"line":205,"column":34},"end":{"line":205,"column":56}},{"start":{"line":205,"column":60},"end":{"line":205,"column":73}}]},"58":{"loc":{"start":{"line":206,"column":4},"end":{"line":206,"column":62}},"type":"if","locations":[{"start":{"line":206,"column":4},"end":{"line":206,"column":62}},{"start":{},"end":{}}]},"59":{"loc":{"start":{"line":206,"column":8},"end":{"line":206,"column":51}},"type":"binary-expr","locations":[{"start":{"line":206,"column":8},"end":{"line":206,"column":29}},{"start":{"line":206,"column":33},"end":{"line":206,"column":51}}]},"60":{"loc":{"start":{"line":208,"column":22},"end":{"line":208,"column":34}},"type":"binary-expr","locations":[{"start":{"line":208,"column":22},"end":{"line":208,"column":28}},{"start":{"line":208,"column":32},"end":{"line":208,"column":34}}]},"61":{"loc":{"start":{"line":209,"column":22},"end":{"line":209,"column":62}},"type":"binary-expr","locations":[{"start":{"line":209,"column":22},"end":{"line":209,"column":37}},{"start":{"line":209,"column":41},"end":{"line":209,"column":56}},{"start":{"line":209,"column":60},"end":{"line":209,"column":62}}]},"62":{"loc":{"start":{"line":210,"column":4},"end":{"line":210,"column":29}},"type":"if","locations":[{"start":{"line":210,"column":4},"end":{"line":210,"column":29}},{"start":{},"end":{}}]},"63":{"loc":{"start":{"line":210,"column":8},"end":{"line":210,"column":18}},"type":"binary-expr","locations":[{"start":{"line":210,"column":8},"end":{"line":210,"column":11}},{"start":{"line":210,"column":15},"end":{"line":210,"column":18}}]},"64":{"loc":{"start":{"line":227,"column":10},"end":{"line":227,"column":40}},"type":"cond-expr","locations":[{"start":{"line":227,"column":22},"end":{"line":227,"column":35}},{"start":{"line":227,"column":38},"end":{"line":227,"column":40}}]},"65":{"loc":{"start":{"line":229,"column":4},"end":{"line":229,"column":37}},"type":"if","locations":[{"start":{"line":229,"column":4},"end":{"line":229,"column":37}},{"start":{},"end":{}}]},"66":{"loc":{"start":{"line":233,"column":2},"end":{"line":233,"column":60}},"type":"if","locations":[{"start":{"line":233,"column":2},"end":{"line":233,"column":60}},{"start":{},"end":{}}]},"67":{"loc":{"start":{"line":233,"column":6},"end":{"line":233,"column":29}},"type":"binary-expr","locations":[{"start":{"line":233,"column":6},"end":{"line":233,"column":12}},{"start":{"line":233,"column":16},"end":{"line":233,"column":29}}]},"68":{"loc":{"start":{"line":241,"column":34},"end":{"line":241,"column":46}},"type":"binary-expr","locations":[{"start":{"line":241,"column":34},"end":{"line":241,"column":41}},{"start":{"line":241,"column":45},"end":{"line":241,"column":46}}]},"69":{"loc":{"start":{"line":242,"column":24},"end":{"line":242,"column":40}},"type":"binary-expr","locations":[{"start":{"line":242,"column":24},"end":{"line":242,"column":32}},{"start":{"line":242,"column":36},"end":{"line":242,"column":40}}]},"70":{"loc":{"start":{"line":243,"column":19},"end":{"line":243,"column":74}},"type":"cond-expr","locations":[{"start":{"line":243,"column":45},"end":{"line":243,"column":62}},{"start":{"line":243,"column":65},"end":{"line":243,"column":74}}]},"71":{"loc":{"start":{"line":244,"column":23},"end":{"line":244,"column":45}},"type":"binary-expr","locations":[{"start":{"line":244,"column":23},"end":{"line":244,"column":36}},{"start":{"line":244,"column":40},"end":{"line":244,"column":45}}]},"72":{"loc":{"start":{"line":248,"column":18},"end":{"line":248,"column":38}},"type":"binary-expr","locations":[{"start":{"line":248,"column":18},"end":{"line":248,"column":32}},{"start":{"line":248,"column":36},"end":{"line":248,"column":38}}]},"73":{"loc":{"start":{"line":251,"column":4},"end":{"line":251,"column":84}},"type":"if","locations":[{"start":{"line":251,"column":4},"end":{"line":251,"column":84}},{"start":{},"end":{}}]},"74":{"loc":{"start":{"line":251,"column":8},"end":{"line":251,"column":73}},"type":"binary-expr","locations":[{"start":{"line":251,"column":8},"end":{"line":251,"column":30}},{"start":{"line":251,"column":34},"end":{"line":251,"column":56}},{"start":{"line":251,"column":60},"end":{"line":251,"column":73}}]},"75":{"loc":{"start":{"line":252,"column":4},"end":{"line":252,"column":62}},"type":"if","locations":[{"start":{"line":252,"column":4},"end":{"line":252,"column":62}},{"start":{},"end":{}}]},"76":{"loc":{"start":{"line":252,"column":8},"end":{"line":252,"column":51}},"type":"binary-expr","locations":[{"start":{"line":252,"column":8},"end":{"line":252,"column":29}},{"start":{"line":252,"column":33},"end":{"line":252,"column":51}}]},"77":{"loc":{"start":{"line":254,"column":22},"end":{"line":254,"column":34}},"type":"binary-expr","locations":[{"start":{"line":254,"column":22},"end":{"line":254,"column":28}},{"start":{"line":254,"column":32},"end":{"line":254,"column":34}}]},"78":{"loc":{"start":{"line":255,"column":22},"end":{"line":255,"column":43}},"type":"binary-expr","locations":[{"start":{"line":255,"column":22},"end":{"line":255,"column":37}},{"start":{"line":255,"column":41},"end":{"line":255,"column":43}}]},"79":{"loc":{"start":{"line":256,"column":4},"end":{"line":256,"column":29}},"type":"if","locations":[{"start":{"line":256,"column":4},"end":{"line":256,"column":29}},{"start":{},"end":{}}]},"80":{"loc":{"start":{"line":256,"column":8},"end":{"line":256,"column":18}},"type":"binary-expr","locations":[{"start":{"line":256,"column":8},"end":{"line":256,"column":11}},{"start":{"line":256,"column":15},"end":{"line":256,"column":18}}]},"81":{"loc":{"start":{"line":273,"column":10},"end":{"line":273,"column":40}},"type":"cond-expr","locations":[{"start":{"line":273,"column":22},"end":{"line":273,"column":35}},{"start":{"line":273,"column":38},"end":{"line":273,"column":40}}]},"82":{"loc":{"start":{"line":277,"column":4},"end":{"line":277,"column":40}},"type":"if","locations":[{"start":{"line":277,"column":4},"end":{"line":277,"column":40}},{"start":{},"end":{}}]},"83":{"loc":{"start":{"line":280,"column":2},"end":{"line":280,"column":62}},"type":"if","locations":[{"start":{"line":280,"column":2},"end":{"line":280,"column":62}},{"start":{},"end":{}}]},"84":{"loc":{"start":{"line":280,"column":6},"end":{"line":280,"column":30}},"type":"binary-expr","locations":[{"start":{"line":280,"column":6},"end":{"line":280,"column":12}},{"start":{"line":280,"column":16},"end":{"line":280,"column":30}}]},"85":{"loc":{"start":{"line":289,"column":4},"end":{"line":289,"column":31}},"type":"if","locations":[{"start":{"line":289,"column":4},"end":{"line":289,"column":31}},{"start":{},"end":{}}]},"86":{"loc":{"start":{"line":293,"column":6},"end":{"line":293,"column":109}},"type":"if","locations":[{"start":{"line":293,"column":6},"end":{"line":293,"column":109}},{"start":{},"end":{}}]},"87":{"loc":{"start":{"line":293,"column":10},"end":{"line":293,"column":51}},"type":"binary-expr","locations":[{"start":{"line":293,"column":10},"end":{"line":293,"column":29}},{"start":{"line":293,"column":33},"end":{"line":293,"column":51}}]}},"s":{"0":16,"1":16,"2":16,"3":16,"4":16,"5":16,"6":16,"7":16,"8":16,"9":16,"10":16,"11":16,"12":16,"13":16,"14":5,"15":5,"16":10,"17":10,"18":19,"19":19,"20":5,"21":14,"22":1,"23":4,"24":10,"25":10,"26":10,"27":3,"28":7,"29":7,"30":7,"31":5,"32":5,"33":4,"34":4,"35":4,"36":0,"37":1,"38":1,"39":1,"40":1,"41":1,"42":1,"43":2,"44":0,"45":2,"46":6,"47":2,"48":1,"49":0,"50":1,"51":8,"52":4,"53":12,"54":12,"55":12,"56":12,"57":12,"58":2,"59":10,"60":10,"61":10,"62":7,"63":6,"64":0,"65":6,"66":6,"67":0,"68":0,"69":0,"70":0,"71":0,"72":4,"73":4,"74":4,"75":2,"76":2,"77":2,"78":2,"79":2,"80":2,"81":0,"82":0,"83":2,"84":4,"85":4,"86":4,"87":0,"88":0,"89":0,"90":0,"91":4,"92":4,"93":4,"94":4,"95":4,"96":4,"97":4,"98":4,"99":4,"100":1,"101":1,"102":1,"103":4,"104":1,"105":4,"106":3,"107":4,"108":5,"109":5,"110":5,"111":5,"112":5,"113":5,"114":5,"115":5,"116":5,"117":4,"118":4,"119":4,"120":4,"121":1,"122":3,"123":1,"124":2,"125":2,"126":2,"127":0,"128":2,"129":2,"130":2,"131":2,"132":2,"133":2,"134":5,"135":5,"136":1,"137":5,"138":3,"139":3,"140":3,"141":3,"142":3,"143":3,"144":3,"145":3,"146":3,"147":3,"148":3,"149":3,"150":3,"151":1,"152":2,"153":0,"154":2,"155":2,"156":2,"157":0,"158":2,"159":2,"160":2,"161":2,"162":2,"163":2,"164":2,"165":2,"166":3,"167":1,"168":3,"169":2,"170":2,"171":2,"172":2,"173":0,"174":2,"175":2,"176":2,"177":2,"178":2},"f":{"0":5,"1":10,"2":10,"3":5,"4":4,"5":1,"6":2,"7":6,"8":1,"9":8,"10":12,"11":0,"12":4,"13":4,"14":5,"15":3,"16":2},"b":{"0":[16,0],"1":[1,4],"2":[5,14],"3":[1,13],"4":[14,1,1],"5":[10,2],"6":[10,7,7,7],"7":[3,7],"8":[7,1],"9":[5,2],"10":[1,1],"11":[4,1],"12":[4,4],"13":[0,2],"14":[0,1],"15":[2,10],"16":[12,12],"17":[10,0],"18":[6,6],"19":[0,0,0],"20":[6,0],"21":[0,0],"22":[0,0],"23":[4,1],"24":[4,2,2,2,2,2],"25":[2,2],"26":[0,2],"27":[2,0],"28":[0,2],"29":[2,0],"30":[0,0],"31":[0,4],"32":[4,4],"33":[0,0],"34":[4,0],"35":[4,1],"36":[4,3],"37":[4,3],"38":[4,3],"39":[1,3],"40":[1,0],"41":[1,3],"42":[1,0],"43":[1,3],"44":[1,0],"45":[1,3],"46":[4,1,1],"47":[1,0],"48":[1,3],"49":[4,1],"50":[3,1],"51":[5,0],"52":[5,5],"53":[1,4],"54":[5,4],"55":[4,0],"56":[1,3],"57":[4,1,1],"58":[1,2],"59":[3,1],"60":[2,0],"61":[2,0,0],"62":[0,2],"63":[2,2],"64":[1,1],"65":[2,0],"66":[1,4],"67":[5,1],"68":[3,0],"69":[3,3],"70":[1,2],"71":[3,3],"72":[3,0],"73":[1,2],"74":[3,1,1],"75":[0,2],"76":[2,0],"77":[2,0],"78":[2,0],"79":[0,2],"80":[2,2],"81":[2,0],"82":[2,0],"83":[1,2],"84":[3,1],"85":[0,2],"86":[2,0],"87":[2,2]}}
,"/home/bat/AisStream/src/services/StreamEncoder.ts": {"path":"/home/bat/AisStream/src/services/StreamEncoder.ts","statementMap":{"0":{"start":{"line":30,"column":0},"end":{"line":30,"column":7}},"1":{"start":{"line":2,"column":0},"end":{"line":2,"column":25}},"2":{"start":{"line":3,"column":0},"end":{"line":3,"column":33}},"3":{"start":{"line":4,"column":0},"end":{"line":4,"column":29}},"4":{"start":{"line":5,"column":0},"end":{"line":5,"column":48}},"5":{"start":{"line":6,"column":0},"end":{"line":6,"column":39}},"6":{"start":{"line":34,"column":20},"end":{"line":34,"column":55}},"7":{"start":{"line":35,"column":17},"end":{"line":35,"column":58}},"8":{"start":{"line":37,"column":18},"end":{"line":37,"column":75}},"9":{"start":{"line":38,"column":21},"end":{"line":38,"column":53}},"10":{"start":{"line":40,"column":13},"end":{"line":40,"column":61}},"11":{"start":{"line":41,"column":10},"end":{"line":41,"column":11}},"12":{"start":{"line":42,"column":16},"end":{"line":42,"column":17}},"13":{"start":{"line":44,"column":2},"end":{"line":58,"column":3}},"14":{"start":{"line":45,"column":4},"end":{"line":45,"column":8}},"15":{"start":{"line":46,"column":4},"end":{"line":46,"column":51}},"16":{"start":{"line":46,"column":42},"end":{"line":46,"column":51}},"17":{"start":{"line":47,"column":4},"end":{"line":47,"column":49}},"18":{"start":{"line":47,"column":40},"end":{"line":47,"column":49}},"19":{"start":{"line":49,"column":16},"end":{"line":49,"column":49}},"20":{"start":{"line":50,"column":16},"end":{"line":50,"column":49}},"21":{"start":{"line":51,"column":4},"end":{"line":51,"column":65}},"22":{"start":{"line":51,"column":56},"end":{"line":51,"column":65}},"23":{"start":{"line":53,"column":16},"end":{"line":53,"column":57}},"24":{"start":{"line":54,"column":4},"end":{"line":56,"column":5}},"25":{"start":{"line":55,"column":6},"end":{"line":55,"column":26}},"26":{"start":{"line":57,"column":4},"end":{"line":57,"column":14}},"27":{"start":{"line":59,"column":2},"end":{"line":59,"column":21}},"28":{"start":{"line":61,"column":17},"end":{"line":61,"column":35}},"29":{"start":{"line":62,"column":15},"end":{"line":62,"column":39}},"30":{"start":{"line":63,"column":2},"end":{"line":63,"column":86}},"31":{"start":{"line":65,"column":13},"end":{"line":65,"column":43}},"32":{"start":{"line":66,"column":2},"end":{"line":66,"column":55}},"33":{"start":{"line":70,"column":2},"end":{"line":70,"column":53}},"34":{"start":{"line":74,"column":2},"end":{"line":74,"column":69}},"35":{"start":{"line":74,"column":34},"end":{"line":74,"column":67}},"36":{"start":{"line":74,"column":61},"end":{"line":74,"column":66}},"37":{"start":{"line":78,"column":2},"end":{"line":78,"column":59}},"38":{"start":{"line":78,"column":34},"end":{"line":78,"column":57}},"39":{"start":{"line":78,"column":51},"end":{"line":78,"column":56}}},"fnMap":{"0":{"name":"encodeToNdjsonGz","decl":{"start":{"line":30,"column":22},"end":{"line":30,"column":38}},"loc":{"start":{"line":32,"column":26},"end":{"line":67,"column":1}}},"1":{"name":"clampInt","decl":{"start":{"line":69,"column":9},"end":{"line":69,"column":17}},"loc":{"start":{"line":69,"column":53},"end":{"line":71,"column":1}}},"2":{"name":"onceDrain","decl":{"start":{"line":73,"column":9},"end":{"line":73,"column":18}},"loc":{"start":{"line":73,"column":41},"end":{"line":75,"column":1}}},"3":{"name":"(anonymous_4)","decl":{"start":{"line":74,"column":27},"end":{"line":74,"column":30}},"loc":{"start":{"line":74,"column":34},"end":{"line":74,"column":67}}},"4":{"name":"(anonymous_5)","decl":{"start":{"line":74,"column":55},"end":{"line":74,"column":58}},"loc":{"start":{"line":74,"column":61},"end":{"line":74,"column":66}}},"5":{"name":"finished","decl":{"start":{"line":77,"column":9},"end":{"line":77,"column":17}},"loc":{"start":{"line":77,"column":40},"end":{"line":79,"column":1}}},"6":{"name":"(anonymous_7)","decl":{"start":{"line":78,"column":27},"end":{"line":78,"column":30}},"loc":{"start":{"line":78,"column":34},"end":{"line":78,"column":57}}},"7":{"name":"(anonymous_8)","decl":{"start":{"line":78,"column":45},"end":{"line":78,"column":48}},"loc":{"start":{"line":78,"column":51},"end":{"line":78,"column":56}}}},"branchMap":{"0":{"loc":{"start":{"line":32,"column":2},"end":{"line":32,"column":26}},"type":"default-arg","locations":[{"start":{"line":32,"column":24},"end":{"line":32,"column":26}}]},"1":{"loc":{"start":{"line":34,"column":29},"end":{"line":34,"column":48}},"type":"binary-expr","locations":[{"start":{"line":34,"column":29},"end":{"line":34,"column":43}},{"start":{"line":34,"column":47},"end":{"line":34,"column":48}}]},"2":{"loc":{"start":{"line":35,"column":40},"end":{"line":35,"column":56}},"type":"binary-expr","locations":[{"start":{"line":35,"column":40},"end":{"line":35,"column":51}},{"start":{"line":35,"column":55},"end":{"line":35,"column":56}}]},"3":{"loc":{"start":{"line":46,"column":4},"end":{"line":46,"column":51}},"type":"if","locations":[{"start":{"line":46,"column":4},"end":{"line":46,"column":51}},{"start":{},"end":{}}]},"4":{"loc":{"start":{"line":46,"column":8},"end":{"line":46,"column":40}},"type":"binary-expr","locations":[{"start":{"line":46,"column":8},"end":{"line":46,"column":18}},{"start":{"line":46,"column":22},"end":{"line":46,"column":40}}]},"5":{"loc":{"start":{"line":47,"column":4},"end":{"line":47,"column":49}},"type":"if","locations":[{"start":{"line":47,"column":4},"end":{"line":47,"column":49}},{"start":{},"end":{}}]},"6":{"loc":{"start":{"line":47,"column":8},"end":{"line":47,"column":38}},"type":"binary-expr","locations":[{"start":{"line":47,"column":8},"end":{"line":47,"column":19}},{"start":{"line":47,"column":23},"end":{"line":47,"column":38}}]},"7":{"loc":{"start":{"line":51,"column":4},"end":{"line":51,"column":65}},"type":"if","locations":[{"start":{"line":51,"column":4},"end":{"line":51,"column":65}},{"start":{},"end":{}}]},"8":{"loc":{"start":{"line":51,"column":8},"end":{"line":51,"column":54}},"type":"binary-expr","locations":[{"start":{"line":51,"column":8},"end":{"line":51,"column":29}},{"start":{"line":51,"column":33},"end":{"line":51,"column":54}}]},"9":{"loc":{"start":{"line":54,"column":4},"end":{"line":56,"column":5}},"type":"if","locations":[{"start":{"line":54,"column":4},"end":{"line":56,"column":5}},{"start":{},"end":{}}]}},"s":{"0":1,"1":1,"2":1,"3":1,"4":1,"5":1,"6":7,"7":7,"8":7,"9":7,"10":7,"11":6,"12":6,"13":6,"14":12,"15":12,"16":2,"17":10,"18":1,"19":9,"20":9,"21":9,"22":2,"23":7,"24":7,"25":1,"26":7,"27":6,"28":6,"29":6,"30":6,"31":6,"32":6,"33":7,"34":1,"35":1,"36":1,"37":6,"38":6,"39":6},"f":{"0":7,"1":7,"2":1,"3":1,"4":1,"5":6,"6":6,"7":6},"b":{"0":[4],"1":[7,6],"2":[7,6],"3":[2,10],"4":[12,4],"5":[1,9],"6":[10,2],"7":[2,7],"8":[9,8],"9":[1,6]}}
}
