TN:
SF:src/index.ts
FN:17,(anonymous_1)
FN:20,(anonymous_2)
FNF:2
FNH:1
FNDA:1,(anonymous_1)
FNDA:0,(anonymous_2)
DA:1,3
DA:2,3
DA:3,3
DA:4,3
DA:5,3
DA:6,3
DA:8,3
DA:9,3
DA:10,3
DA:11,3
DA:13,3
DA:14,3
DA:15,3
DA:17,3
DA:19,3
DA:20,1
LF:16
LH:16
BRDA:11,0,0,3
BRDA:11,0,1,3
BRDA:19,1,0,1
BRDA:19,1,1,2
BRF:4
BRH:4
end_of_record
TN:
SF:src/lib/cache.ts
FN:7,ensureCacheDir
FN:11,cachePath
FN:16,hasCache
FN:20,getCacheStream
FN:24,saveCache
FN:25,(anonymous_6)
FN:37,getCacheStats
FNF:7
FNH:7
FNDA:13,ensureCacheDir
FNDA:9,cachePath
FNDA:3,hasCache
FNDA:1,getCacheStream
FNDA:3,saveCache
FNDA:3,(anonymous_6)
FNDA:2,getCacheStats
DA:1,1
DA:2,1
DA:4,1
DA:7,1
DA:8,13
DA:11,1
DA:12,9
DA:13,9
DA:16,1
DA:17,3
DA:20,1
DA:21,1
DA:24,1
DA:25,3
DA:26,3
DA:27,3
DA:28,3
DA:29,3
DA:30,3
DA:31,3
DA:37,1
DA:38,2
DA:39,1
DA:40,1
DA:41,1
DA:42,2
DA:43,2
DA:45,1
LF:28
LH:28
BRDA:8,0,0,7
BRDA:8,0,1,6
BRDA:38,1,0,1
BRDA:38,1,1,1
BRF:4
BRH:4
end_of_record
TN:
SF:src/lib/fetchDay.ts
FN:9,streamDay
FN:19,(anonymous_2)
FN:21,(anonymous_3)
FN:22,(anonymous_4)
FN:39,(anonymous_5)
FN:42,(anonymous_6)
FN:52,(anonymous_7)
FN:55,(anonymous_8)
FN:67,(anonymous_9)
FNF:9
FNH:9
FNDA:7,streamDay
FNDA:6,(anonymous_2)
FNDA:1,(anonymous_3)
FNDA:5,(anonymous_4)
FNDA:1,(anonymous_5)
FNDA:1,(anonymous_6)
FNDA:1,(anonymous_7)
FNDA:2,(anonymous_8)
FNDA:1,(anonymous_9)
DA:2,1
DA:3,1
DA:4,1
DA:5,1
DA:7,1
DA:9,1
DA:13,7
DA:14,7
DA:16,6
DA:17,6
DA:19,6
DA:20,6
DA:21,6
DA:22,6
DA:23,5
DA:24,5
DA:25,5
DA:26,4
DA:28,1
DA:33,6
DA:34,6
DA:39,5
DA:41,5
DA:42,5
DA:43,1
DA:46,5
DA:52,5
DA:53,1
DA:55,5
DA:57,2
DA:58,2
DA:59,2
DA:61,1
DA:62,1
DA:63,1
DA:67,5
DA:69,5
DA:71,1
LF:38
LH:38
BRDA:14,0,0,1
BRDA:14,0,1,6
BRDA:14,1,0,7
BRDA:14,1,1,7
BRDA:14,1,2,6
BRDA:21,2,0,1
BRDA:21,2,1,0
BRDA:23,3,0,5
BRDA:23,3,1,0
BRDA:25,4,0,4
BRDA:25,4,1,1
BRDA:61,5,0,1
BRDA:61,5,1,0
BRF:13
BRH:10
end_of_record
TN:
SF:src/lib/geometry.ts
FN:5,bboxPolygon
FN:10,pointInPolygon
FNF:2
FNH:2
FNDA:2,bboxPolygon
FNDA:2,pointInPolygon
DA:1,1
DA:5,1
DA:6,2
DA:7,2
DA:10,1
DA:11,2
LF:6
LH:6
BRF:0
BRH:0
end_of_record
TN:
SF:src/lib/urls.ts
FN:1,dailyUrls
FNF:1
FNH:1
FNDA:3,dailyUrls
DA:1,1
DA:2,3
DA:3,3
DA:4,6
DA:5,6
DA:6,6
DA:7,6
DA:9,3
LF:8
LH:8
BRF:0
BRH:0
end_of_record
TN:
SF:src/routes/ais.ts
FN:17,(anonymous_1)
FN:35,(anonymous_2)
FN:36,(anonymous_3)
FNF:3
FNH:3
FNDA:4,(anonymous_1)
FNDA:4,(anonymous_2)
FNDA:4,(anonymous_3)
DA:1,4
DA:2,4
DA:3,4
DA:4,4
DA:5,4
DA:6,4
DA:8,4
DA:10,4
DA:17,4
DA:18,4
DA:19,4
DA:20,3
DA:21,3
DA:22,3
DA:23,3
DA:24,3
DA:26,3
DA:27,3
DA:28,3
DA:29,3
DA:30,3
DA:31,3
DA:32,3
DA:33,3
DA:35,3
DA:36,4
DA:37,4
DA:38,4
DA:39,4
DA:40,4
DA:41,4
DA:42,4
DA:47,4
DA:48,4
DA:49,4
DA:50,4
DA:54,3
DA:55,3
LF:38
LH:38
BRDA:19,0,0,1
BRDA:19,0,1,3
BRDA:24,1,0,3
BRDA:24,1,1,3
BRDA:37,2,0,0
BRDA:37,2,1,4
BRDA:39,3,0,0
BRDA:39,3,1,4
BRDA:39,4,0,4
BRDA:39,4,1,4
BRDA:41,5,0,0
BRDA:41,5,1,4
BRDA:47,6,0,1
BRDA:47,6,1,3
BRF:14
BRH:11
end_of_record
TN:
SF:src/routes/nsjson.ts
FN:10,parseQueryParam
FN:19,(anonymous_2)
FN:29,(anonymous_3)
FN:33,(anonymous_4)
FN:53,(anonymous_5)
FN:60,(anonymous_6)
FN:68,(anonymous_7)
FN:80,(anonymous_8)
FNF:8
FNH:8
FNDA:26,parseQueryParam
FNDA:13,(anonymous_2)
FNDA:40,(anonymous_3)
FNDA:10,(anonymous_4)
FNDA:6,(anonymous_5)
FNDA:1,(anonymous_6)
FNDA:1,(anonymous_7)
FNDA:12,(anonymous_8)
DA:2,1
DA:3,1
DA:4,1
DA:5,1
DA:6,1
DA:11,26
DA:12,2
DA:13,2
DA:16,1
DA:17,1
DA:19,1
DA:20,13
DA:21,13
DA:22,13
DA:23,13
DA:25,13
DA:26,12
DA:28,11
DA:29,40
DA:30,1
DA:32,10
DA:33,10
DA:36,10
DA:37,10
DA:38,10
DA:41,9
DA:43,9
DA:44,9
DA:45,9
DA:46,9
DA:48,9
DA:50,9
DA:51,9
DA:52,9
DA:53,9
DA:54,6
DA:55,6
DA:56,6
DA:60,9
DA:61,1
DA:62,1
DA:64,0
DA:68,9
DA:69,1
DA:70,1
DA:71,1
DA:73,0
DA:77,9
DA:79,9
DA:80,9
DA:81,12
DA:84,12
DA:87,12
DA:88,10
DA:89,6
DA:91,5
DA:96,5
DA:97,5
DA:98,5
DA:99,5
DA:103,6
DA:104,6
DA:106,3
DA:107,3
DA:108,3
DA:109,3
DA:111,1
DA:113,3
DA:114,3
DA:116,0
DA:118,3
LF:71
LH:68
BRDA:11,0,0,24
BRDA:11,0,1,2
BRDA:12,1,0,0
BRDA:12,1,1,2
BRDA:12,2,0,2
BRDA:12,2,1,0
BRDA:22,3,0,13
BRDA:22,3,1,12
BRDA:23,4,0,13
BRDA:23,4,1,13
BRDA:25,5,0,1
BRDA:25,5,1,12
BRDA:26,6,0,1
BRDA:26,6,1,11
BRDA:29,7,0,1
BRDA:29,7,1,10
BRDA:29,8,0,11
BRDA:29,8,1,10
BRDA:38,9,0,1
BRDA:38,9,1,9
BRDA:54,10,0,6
BRDA:54,10,1,3
BRDA:82,11,0,12
BRDA:82,11,1,0
BRDA:82,11,2,0
BRDA:82,11,3,0
BRDA:82,11,4,0
BRDA:82,11,5,0
BRDA:85,12,0,12
BRDA:85,12,1,0
BRDA:85,12,2,0
BRDA:85,12,3,0
BRDA:85,12,4,0
BRDA:87,13,0,2
BRDA:87,13,1,10
BRDA:87,14,0,12
BRDA:87,14,1,11
BRDA:88,15,0,4
BRDA:88,15,1,6
BRDA:88,16,0,10
BRDA:88,16,1,9
BRDA:88,16,2,8
BRDA:88,16,3,7
BRDA:89,17,0,1
BRDA:89,17,1,5
BRDA:106,18,0,2
BRDA:106,18,1,1
BRDA:107,19,0,3
BRDA:107,19,1,0
BRF:49
BRH:37
end_of_record
TN:
SF:src/routes/s2.ts
FN:7,parseBase
FN:17,(anonymous_2)
FN:39,(anonymous_3)
FN:62,(anonymous_4)
FNF:4
FNH:4
FNDA:8,parseBase
FNDA:5,(anonymous_2)
FNDA:3,(anonymous_3)
FNDA:5,(anonymous_4)
DA:1,13
DA:2,13
DA:3,13
DA:5,13
DA:8,8
DA:9,8
DA:10,6
DA:11,6
DA:12,5
DA:13,4
DA:17,13
DA:18,5
DA:19,5
DA:20,5
DA:21,2
DA:22,2
DA:23,2
DA:24,2
DA:25,2
DA:27,2
DA:32,1
DA:34,1
DA:39,13
DA:40,3
DA:41,3
DA:42,3
DA:43,2
DA:44,2
DA:45,2
DA:46,2
DA:47,2
DA:49,2
DA:50,2
DA:54,2
DA:55,1
DA:57,1
DA:62,13
DA:63,5
DA:64,5
DA:65,1
DA:67,4
DA:68,4
DA:69,3
DA:70,3
DA:71,1
DA:73,2
DA:74,1
DA:76,1
DA:77,1
DA:79,1
LF:50
LH:50
BRDA:9,0,0,2
BRDA:9,0,1,6
BRDA:9,1,0,8
BRDA:9,1,1,6
BRDA:9,1,2,6
BRDA:11,2,0,1
BRDA:11,2,1,5
BRDA:11,3,0,6
BRDA:11,3,1,5
BRDA:12,4,0,1
BRDA:12,4,1,4
BRDA:12,5,0,5
BRDA:12,5,1,4
BRDA:20,6,0,3
BRDA:20,6,1,2
BRDA:21,7,0,2
BRDA:21,7,1,2
BRDA:22,8,0,0
BRDA:22,8,1,2
BRDA:23,9,0,2
BRDA:23,9,1,2
BRDA:24,10,0,2
BRDA:24,10,1,2
BRDA:25,11,0,2
BRDA:25,11,1,2
BRDA:34,12,0,1
BRDA:34,12,1,0
BRDA:42,13,0,1
BRDA:42,13,1,2
BRDA:43,14,0,2
BRDA:43,14,1,2
BRDA:44,15,0,0
BRDA:44,15,1,2
BRDA:45,16,0,2
BRDA:45,16,1,2
BRDA:46,17,0,2
BRDA:46,17,1,2
BRDA:47,18,0,2
BRDA:47,18,1,2
BRDA:57,19,0,1
BRDA:57,19,1,0
BRDA:64,20,0,1
BRDA:64,20,1,4
BRDA:64,21,0,5
BRDA:64,21,1,5
BRDA:69,22,0,3
BRDA:69,22,1,0
BRDA:70,23,0,1
BRDA:70,23,1,2
BRDA:70,24,0,3
BRDA:70,24,1,3
BRDA:73,25,0,1
BRDA:73,25,1,1
BRDA:79,26,0,1
BRDA:79,26,1,0
BRF:55
BRH:49
end_of_record
TN:
SF:src/services/CacheService.ts
FN:31,(anonymous_1)
FN:38,(anonymous_2)
FN:39,(anonymous_3)
FN:46,(anonymous_4)
FN:59,(anonymous_5)
FN:64,(anonymous_6)
FN:85,(anonymous_7)
FN:104,(anonymous_8)
FN:109,(anonymous_9)
FN:126,(anonymous_10)
FN:146,(anonymous_11)
FN:167,(anonymous_12)
FN:168,(anonymous_13)
FN:168,(anonymous_14)
FN:172,makeEtagFromStats
FNF:15
FNH:13
FNDA:16,(anonymous_1)
FNDA:0,(anonymous_2)
FNDA:0,(anonymous_3)
FNDA:5,(anonymous_4)
FNDA:4,(anonymous_5)
FNDA:4,(anonymous_6)
FNDA:1,(anonymous_7)
FNDA:1,(anonymous_8)
FNDA:3,(anonymous_9)
FNDA:3,(anonymous_10)
FNDA:2,(anonymous_11)
FNDA:3,(anonymous_12)
FNDA:2,(anonymous_13)
FNDA:1,(anonymous_14)
FNDA:3,makeEtagFromStats
DA:2,1
DA:4,1
DA:5,1
DA:6,1
DA:24,1
DA:29,16
DA:32,16
DA:33,16
DA:34,16
DA:35,16
DA:37,16
DA:38,16
DA:39,0
DA:41,0
DA:47,5
DA:48,5
DA:51,0
DA:52,0
DA:54,0
DA:60,4
DA:61,4
DA:65,4
DA:66,4
DA:68,3
DA:69,3
DA:70,3
DA:71,1
DA:78,1
DA:79,1
DA:81,2
DA:86,1
DA:87,1
DA:89,1
DA:90,1
DA:91,1
DA:98,1
DA:99,1
DA:100,1
DA:101,1
DA:105,1
DA:110,3
DA:111,3
DA:112,2
DA:113,2
DA:114,2
DA:115,2
DA:116,2
DA:119,1
DA:121,2
DA:122,2
DA:127,3
DA:128,3
DA:129,3
DA:130,3
DA:131,3
DA:132,3
DA:133,3
DA:134,3
DA:135,2
DA:139,1
DA:143,3
DA:147,2
DA:148,2
DA:149,2
DA:150,2
DA:151,3
DA:152,3
DA:153,2
DA:156,1
DA:161,0
DA:163,2
DA:164,2
DA:168,3
DA:172,1
DA:174,3
LF:75
LH:69
BRDA:31,0,0,16
BRDA:32,1,0,16
BRDA:32,1,1,16
BRDA:33,2,0,16
BRDA:33,2,1,16
BRDA:34,3,0,16
BRDA:34,3,1,16
BRDA:35,4,0,16
BRDA:35,4,1,16
BRDA:37,5,0,16
BRDA:37,5,1,16
BRDA:41,6,0,0
BRDA:41,6,1,0
BRDA:66,7,0,1
BRDA:66,7,1,3
BRDA:66,8,0,4
BRDA:66,8,1,2
BRDA:110,9,0,0
BRDA:110,9,1,3
BRDA:111,10,0,5
BRDA:111,10,1,2
BRDA:114,11,0,0
BRDA:114,11,1,2
BRDA:134,12,0,2
BRDA:134,12,1,1
BRF:25
BRH:21
end_of_record
TN:
SF:src/services/QueryKey.ts
FN:12,makeQueryKey
FNF:1
FNH:1
FNDA:8,makeQueryKey
DA:12,1
DA:13,8
DA:14,8
DA:15,8
DA:16,8
DA:17,8
DA:18,8
DA:19,8
LF:8
LH:8
BRDA:13,0,0,7
BRDA:13,0,1,1
BRDA:14,1,0,8
BRDA:14,1,1,6
BRDA:15,2,0,8
BRDA:15,2,1,6
BRDA:16,3,0,8
BRDA:16,3,1,6
BRDA:17,4,0,8
BRDA:17,4,1,6
BRDA:18,5,0,8
BRDA:18,5,1,6
BRF:12
BRH:12
end_of_record
TN:
SF:src/services/S2Service.ts
FN:35,parseMgrs
FN:39,cloudFrom
FN:48,deriveProductType
FN:60,s3toHttps
FN:64,urlExists
FN:70,buildCogUrls
FN:78,rgbTileTemplate
FN:80,(anonymous_8)
FN:83,titilerPreview
FN:89,stacItemsIterator
FN:104,stacPagedPOST
FN:124,(anonymous_12)
FN:137,pickQuicklookAsset
FN:156,pickBands
FN:192,searchSentinel2
FN:238,searchSentinel2Stream
FN:285,saveQuicklooks
FNF:17
FNH:16
FNDA:5,parseMgrs
FNDA:10,cloudFrom
FNDA:10,deriveProductType
FNDA:5,s3toHttps
FNDA:4,urlExists
FNDA:1,buildCogUrls
FNDA:2,rgbTileTemplate
FNDA:6,(anonymous_8)
FNDA:1,titilerPreview
FNDA:8,stacItemsIterator
FNDA:12,stacPagedPOST
FNDA:0,(anonymous_12)
FNDA:4,pickQuicklookAsset
FNDA:4,pickBands
FNDA:5,searchSentinel2
FNDA:3,searchSentinel2Stream
FNDA:2,saveQuicklooks
DA:1,16
DA:2,16
DA:3,16
DA:32,16
DA:35,16
DA:36,5
DA:37,5
DA:39,16
DA:40,10
DA:41,10
DA:42,19
DA:43,19
DA:44,14
DA:46,4
DA:48,16
DA:49,10
DA:51,10
DA:55,10
DA:56,7
DA:57,7
DA:58,7
DA:60,16
DA:61,5
DA:62,5
DA:64,16
DA:65,4
DA:66,4
DA:67,4
DA:68,0
DA:70,16
DA:71,1
DA:72,1
DA:73,1
DA:74,1
DA:75,1
DA:76,1
DA:78,16
DA:79,2
DA:80,6
DA:81,2
DA:83,16
DA:84,1
DA:85,1
DA:91,8
DA:97,4
DA:105,12
DA:106,12
DA:107,12
DA:108,12
DA:116,12
DA:118,2
DA:120,10
DA:121,10
DA:122,10
DA:124,6
DA:125,6
DA:126,0
DA:127,0
DA:130,0
DA:132,0
DA:138,4
DA:140,4
DA:142,4
DA:143,2
DA:144,2
DA:145,2
DA:148,2
DA:149,2
DA:150,0
DA:151,0
DA:153,2
DA:157,4
DA:158,4
DA:162,4
DA:163,0
DA:164,0
DA:165,0
DA:169,4
DA:170,4
DA:171,4
DA:172,4
DA:173,4
DA:174,4
DA:175,4
DA:176,4
DA:177,4
DA:178,1
DA:179,1
DA:183,4
DA:184,1
DA:186,4
DA:188,4
DA:192,16
DA:193,5
DA:194,5
DA:195,5
DA:196,5
DA:197,5
DA:198,5
DA:200,5
DA:201,5
DA:202,4
DA:203,4
DA:204,4
DA:205,4
DA:206,3
DA:208,2
DA:209,2
DA:210,2
DA:212,2
DA:213,2
DA:214,2
DA:216,2
DA:229,2
DA:232,5
DA:233,5
DA:235,5
DA:238,16
DA:239,3
DA:240,3
DA:241,3
DA:242,3
DA:243,3
DA:244,3
DA:246,3
DA:247,3
DA:248,3
DA:249,3
DA:250,3
DA:251,3
DA:252,2
DA:254,2
DA:255,2
DA:256,2
DA:258,2
DA:259,2
DA:260,2
DA:262,2
DA:275,2
DA:276,2
DA:277,2
DA:280,3
DA:282,3
DA:286,2
DA:287,2
DA:288,2
DA:289,2
DA:290,2
DA:291,2
DA:292,2
DA:293,2
LF:151
LH:141
BRDA:32,0,0,16
BRDA:32,0,1,0
BRDA:37,1,0,1
BRDA:37,1,1,4
BRDA:43,2,0,5
BRDA:43,2,1,14
BRDA:44,3,0,1
BRDA:44,3,1,13
BRDA:44,4,0,14
BRDA:44,4,1,1
BRDA:44,4,2,1
BRDA:49,5,0,10
BRDA:49,5,1,2
BRDA:51,6,0,10
BRDA:51,6,1,7
BRDA:51,6,2,7
BRDA:51,6,3,7
BRDA:55,7,0,3
BRDA:55,7,1,7
BRDA:56,8,0,7
BRDA:56,8,1,1
BRDA:58,9,0,5
BRDA:58,9,1,2
BRDA:58,10,0,1
BRDA:58,10,1,1
BRDA:62,11,0,4
BRDA:62,11,1,1
BRDA:67,12,0,4
BRDA:67,12,1,4
BRDA:79,13,0,0
BRDA:79,13,1,2
BRDA:84,14,0,0
BRDA:84,14,1,1
BRDA:116,15,0,2
BRDA:116,15,1,10
BRDA:116,16,0,12
BRDA:116,16,1,12
BRDA:121,17,0,10
BRDA:121,17,1,0
BRDA:124,18,0,6
BRDA:124,18,1,6
BRDA:124,19,0,0
BRDA:124,19,1,0
BRDA:124,19,2,0
BRDA:125,20,0,6
BRDA:125,20,1,0
BRDA:126,21,0,0
BRDA:126,21,1,0
BRDA:127,22,0,0
BRDA:127,22,1,0
BRDA:138,23,0,4
BRDA:138,23,1,1
BRDA:140,24,0,4
BRDA:140,24,1,2
BRDA:140,24,2,2
BRDA:140,24,3,2
BRDA:140,24,4,2
BRDA:140,24,5,2
BRDA:142,25,0,2
BRDA:142,25,1,2
BRDA:144,26,0,0
BRDA:144,26,1,2
BRDA:145,27,0,2
BRDA:145,27,1,0
BRDA:149,28,0,0
BRDA:149,28,1,2
BRDA:149,29,0,2
BRDA:149,29,1,0
BRDA:150,30,0,0
BRDA:150,30,1,0
BRDA:162,31,0,0
BRDA:162,31,1,4
BRDA:162,32,0,4
BRDA:162,32,1,4
BRDA:165,33,0,0
BRDA:165,33,1,0
BRDA:169,34,0,4
BRDA:169,34,1,0
BRDA:170,35,0,4
BRDA:170,35,1,1
BRDA:171,36,0,4
BRDA:171,36,1,3
BRDA:172,37,0,4
BRDA:172,37,1,3
BRDA:173,38,0,4
BRDA:173,38,1,3
BRDA:174,39,0,1
BRDA:174,39,1,3
BRDA:174,40,0,1
BRDA:174,40,1,0
BRDA:175,41,0,1
BRDA:175,41,1,3
BRDA:175,42,0,1
BRDA:175,42,1,0
BRDA:176,43,0,1
BRDA:176,43,1,3
BRDA:176,44,0,1
BRDA:176,44,1,0
BRDA:177,45,0,1
BRDA:177,45,1,3
BRDA:177,46,0,4
BRDA:177,46,1,1
BRDA:177,46,2,1
BRDA:179,47,0,1
BRDA:179,47,1,0
BRDA:183,48,0,1
BRDA:183,48,1,3
BRDA:183,49,0,4
BRDA:183,49,1,1
BRDA:186,50,0,3
BRDA:186,50,1,1
BRDA:195,51,0,5
BRDA:195,51,1,0
BRDA:196,52,0,5
BRDA:196,52,1,5
BRDA:197,53,0,1
BRDA:197,53,1,4
BRDA:198,54,0,5
BRDA:198,54,1,4
BRDA:202,55,0,4
BRDA:202,55,1,0
BRDA:205,56,0,1
BRDA:205,56,1,3
BRDA:205,57,0,4
BRDA:205,57,1,1
BRDA:205,57,2,1
BRDA:206,58,0,1
BRDA:206,58,1,2
BRDA:206,59,0,3
BRDA:206,59,1,1
BRDA:208,60,0,2
BRDA:208,60,1,0
BRDA:209,61,0,2
BRDA:209,61,1,0
BRDA:209,61,2,0
BRDA:210,62,0,0
BRDA:210,62,1,2
BRDA:210,63,0,2
BRDA:210,63,1,2
BRDA:227,64,0,1
BRDA:227,64,1,1
BRDA:229,65,0,2
BRDA:229,65,1,0
BRDA:233,66,0,1
BRDA:233,66,1,4
BRDA:233,67,0,5
BRDA:233,67,1,1
BRDA:241,68,0,3
BRDA:241,68,1,0
BRDA:242,69,0,3
BRDA:242,69,1,3
BRDA:243,70,0,1
BRDA:243,70,1,2
BRDA:244,71,0,3
BRDA:244,71,1,3
BRDA:248,72,0,3
BRDA:248,72,1,0
BRDA:251,73,0,1
BRDA:251,73,1,2
BRDA:251,74,0,3
BRDA:251,74,1,1
BRDA:251,74,2,1
BRDA:252,75,0,0
BRDA:252,75,1,2
BRDA:252,76,0,2
BRDA:252,76,1,0
BRDA:254,77,0,2
BRDA:254,77,1,0
BRDA:255,78,0,2
BRDA:255,78,1,0
BRDA:256,79,0,0
BRDA:256,79,1,2
BRDA:256,80,0,2
BRDA:256,80,1,2
BRDA:273,81,0,2
BRDA:273,81,1,0
BRDA:277,82,0,2
BRDA:277,82,1,0
BRDA:280,83,0,1
BRDA:280,83,1,2
BRDA:280,84,0,3
BRDA:280,84,1,1
BRDA:289,85,0,0
BRDA:289,85,1,2
BRDA:293,86,0,2
BRDA:293,86,1,0
BRDA:293,87,0,2
BRDA:293,87,1,2
BRF:188
BRH:144
end_of_record
TN:
SF:src/services/StreamEncoder.ts
FN:30,encodeToNdjsonGz
FN:69,clampInt
FN:73,onceDrain
FN:74,(anonymous_4)
FN:74,(anonymous_5)
FN:77,finished
FN:78,(anonymous_7)
FN:78,(anonymous_8)
FNF:8
FNH:8
FNDA:7,encodeToNdjsonGz
FNDA:7,clampInt
FNDA:1,onceDrain
FNDA:1,(anonymous_4)
FNDA:1,(anonymous_5)
FNDA:6,finished
FNDA:6,(anonymous_7)
FNDA:6,(anonymous_8)
DA:2,1
DA:3,1
DA:4,1
DA:5,1
DA:6,1
DA:30,1
DA:34,7
DA:35,7
DA:37,7
DA:38,7
DA:40,7
DA:41,6
DA:42,6
DA:44,6
DA:45,12
DA:46,12
DA:47,10
DA:49,9
DA:50,9
DA:51,9
DA:53,7
DA:54,7
DA:55,1
DA:57,7
DA:59,6
DA:61,6
DA:62,6
DA:63,6
DA:65,6
DA:66,6
DA:70,7
DA:74,1
DA:78,6
LF:33
LH:33
BRDA:32,0,0,4
BRDA:34,1,0,7
BRDA:34,1,1,6
BRDA:35,2,0,7
BRDA:35,2,1,6
BRDA:46,3,0,2
BRDA:46,3,1,10
BRDA:46,4,0,12
BRDA:46,4,1,4
BRDA:47,5,0,1
BRDA:47,5,1,9
BRDA:47,6,0,10
BRDA:47,6,1,2
BRDA:51,7,0,2
BRDA:51,7,1,7
BRDA:51,8,0,9
BRDA:51,8,1,8
BRDA:54,9,0,1
BRDA:54,9,1,6
BRF:19
BRH:19
end_of_record
